
                              < M A T L A B >
                  Copyright 1984-2006 The MathWorks, Inc.
                         Version 7.3.0.298 (R2006b)
                              August 03, 2006

 
  To get started, type one of these: helpwin, helpdesk, or demo.
  For product information, visit www.mathworks.com.
 
>> 
Initialization complete. Time required: 3.734449

Running on ...
Graph: /home/eecs/orecchia/yahoo/graphs/sea50k-dir/sea50k.a0.i0.eg2. Number of vertices: 50000. Number of edges: 316806.
Number of iterations: 100.
Stopping condition: 2 5 10
Learning rate: 100.000000.
Initialization: 100.000000.
Random generator seed: 0.000000.
Flow precision: 512.
Run rate: n.
Lower bound: n.
Number of maxflows: 5. Wrat: 0.019801. Iter 1. Exp: 434.000000 / 22316 = 0.019448
Number of maxflows: 2. Wrat: 0.019801. Iter 2. Exp: 434.000000 / 22316 = 0.019448
Number of maxflows: 2. Wrat: 0.019801. Iter 3. Exp: 434.000000 / 22316 = 0.019448

Best cut found: 434.000000 / 22316. Expansion: 0.019448.
Algorithm has completed. Time required: 601.746712
Number of maxflows: 2. Wrat: 0.019801. Iter 4. Exp: 434.000000 / 22316 = 0.019448
Number of maxflows: 2. Wrat: 0.019801. Iter 5. Exp: 434.000000 / 22316 = 0.019448
Number of maxflows: 2. Wrat: 0.019801. Iter 6. Exp: 434.000000 / 22316 = 0.019448

Best cut found: 434.000000 / 22316. Expansion: 0.019448.
Algorithm has completed. Time required: 786.421231
Number of maxflows: 2. Wrat: 0.019801. Iter 7. Exp: 434.000000 / 22316 = 0.019448
Number of maxflows: 2. Wrat: 0.019801. Iter 8. Exp: 434.000000 / 22316 = 0.019448
Number of maxflows: 2. Wrat: 0.019801. Iter 9. Exp: 434.000000 / 22316 = 0.019448
Number of maxflows: 2. Wrat: 0.019801. Iter 10. Exp: 434.000000 / 22316 = 0.019448
Number of maxflows: 2. Wrat: 0.019801. Iter 11. Exp: 434.000000 / 22316 = 0.019448

Best cut found: 434.000000 / 22316. Expansion: 0.019448.
Algorithm has completed. Time required: 1017.397011

                              < M A T L A B >
                  Copyright 1984-2006 The MathWorks, Inc.
                         Version 7.3.0.298 (R2006b)
                              August 03, 2006

 
  To get started, type one of these: helpwin, helpdesk, or demo.
  For product information, visit www.mathworks.com.
 
>> 
Initialization complete. Time required: 3.428111

Running on ...
Graph: /home/eecs/orecchia/yahoo/graphs/sea50k-dir/sea50k.a0.i0.eg2. Number of vertices: 50000. Number of edges: 316806.
Number of iterations: 100.
Stopping condition: 2 5 10
Learning rate: 100.000000.
Initialization: 100.000000.
Random generator seed: 1.000000.
Flow precision: 512.
Run rate: n.
Lower bound: n.
Number of maxflows: 5. Wrat: 0.022360. Iter 1. Exp: 489.000000 / 22067 = 0.022160
Number of maxflows: 3. Wrat: 0.021208. Iter 2. Exp: 508.000000 / 24703 = 0.020564
Number of maxflows: 2. Wrat: 0.021208. Iter 3. Exp: 508.000000 / 24703 = 0.020564
Number of maxflows: 2. Wrat: 0.021208. Iter 4. Exp: 508.000000 / 24703 = 0.020564

Best cut found: 508.000000 / 24703. Expansion: 0.020564.
Algorithm has completed. Time required: 723.997575
Number of maxflows: 2. Wrat: 0.021208. Iter 5. Exp: 508.000000 / 24703 = 0.020564
Number of maxflows: 2. Wrat: 0.021208. Iter 6. Exp: 508.000000 / 24703 = 0.020564
Number of maxflows: 3. Wrat: 0.020750. Iter 7. Exp: 444.000000 / 22022 = 0.020162
Number of maxflows: 2. Wrat: 0.020750. Iter 8. Exp: 444.000000 / 22022 = 0.020162
Number of maxflows: 2. Wrat: 0.020750. Iter 9. Exp: 444.000000 / 22022 = 0.020162
Number of maxflows: 2. Wrat: 0.020750. Iter 10. Exp: 444.000000 / 22022 = 0.020162
Number of maxflows: 2. Wrat: 0.020750. Iter 11. Exp: 444.000000 / 22022 = 0.020162
Number of maxflows: 2. Wrat: 0.020750. Iter 12. Exp: 444.000000 / 22022 = 0.020162

Best cut found: 444.000000 / 22022. Expansion: 0.020162.
Algorithm has completed. Time required: 1145.282007
Number of maxflows: 2. Wrat: 0.020750. Iter 13. Exp: 444.000000 / 22022 = 0.020162
Number of maxflows: 2. Wrat: 0.020750. Iter 14. Exp: 444.000000 / 22022 = 0.020162
Number of maxflows: 2. Wrat: 0.020750. Iter 15. Exp: 444.000000 / 22022 = 0.020162
Number of maxflows: 3. Wrat: 0.020031. Iter 16. Exp: 470.000000 / 24952 = 0.018836
Number of maxflows: 2. Wrat: 0.020031. Iter 17. Exp: 470.000000 / 24952 = 0.018836
Number of maxflows: 2. Wrat: 0.020031. Iter 18. Exp: 470.000000 / 24952 = 0.018836
Number of maxflows: 2. Wrat: 0.020031. Iter 19. Exp: 470.000000 / 24952 = 0.018836
Number of maxflows: 2. Wrat: 0.020031. Iter 20. Exp: 470.000000 / 24952 = 0.018836
Number of maxflows: 2. Wrat: 0.020031. Iter 21. Exp: 470.000000 / 24952 = 0.018836
Number of maxflows: 2. Wrat: 0.020031. Iter 22. Exp: 470.000000 / 24952 = 0.018836
Number of maxflows: 2. Wrat: 0.020031. Iter 23. Exp: 470.000000 / 24952 = 0.018836
Number of maxflows: 2. Wrat: 0.020031. Iter 24. Exp: 470.000000 / 24952 = 0.018836
Number of maxflows: 2. Wrat: 0.020031. Iter 25. Exp: 470.000000 / 24952 = 0.018836
Number of maxflows: 2. Wrat: 0.020031. Iter 26. Exp: 470.000000 / 24952 = 0.018836

Best cut found: 470.000000 / 24952. Expansion: 0.018836.
Algorithm has completed. Time required: 1775.101565

                              < M A T L A B >
                  Copyright 1984-2006 The MathWorks, Inc.
                         Version 7.3.0.298 (R2006b)
                              August 03, 2006

 
  To get started, type one of these: helpwin, helpdesk, or demo.
  For product information, visit www.mathworks.com.
 
>> 
Initialization complete. Time required: 3.489804

Running on ...
Graph: /home/eecs/orecchia/yahoo/graphs/sea50k-dir/sea50k.a0.i0.eg2. Number of vertices: 50000. Number of edges: 316806.
Number of iterations: 100.
Stopping condition: 2 5 10
Learning rate: 100.000000.
Initialization: 100.000000.
Random generator seed: 2.000000.
Flow precision: 512.
Run rate: n.
Lower bound: n.
Number of maxflows: 5. Wrat: 0.021171. Iter 1. Exp: 510.000000 / 24853 = 0.020521
Number of maxflows: 2. Wrat: 0.021171. Iter 2. Exp: 510.000000 / 24853 = 0.020521
Number of maxflows: 2. Wrat: 0.021171. Iter 3. Exp: 510.000000 / 24853 = 0.020521

Best cut found: 510.000000 / 24853. Expansion: 0.020521.
Algorithm has completed. Time required: 557.800065
Number of maxflows: 2. Wrat: 0.021171. Iter 4. Exp: 510.000000 / 24853 = 0.020521
Number of maxflows: 4. Wrat: 0.020740. Iter 5. Exp: 434.000000 / 22316 = 0.019448
Number of maxflows: 2. Wrat: 0.020740. Iter 6. Exp: 434.000000 / 22316 = 0.019448
Number of maxflows: 2. Wrat: 0.020740. Iter 7. Exp: 434.000000 / 22316 = 0.019448
Number of maxflows: 2. Wrat: 0.020740. Iter 8. Exp: 434.000000 / 22316 = 0.019448
Number of maxflows: 2. Wrat: 0.020740. Iter 9. Exp: 434.000000 / 22316 = 0.019448
Number of maxflows: 2. Wrat: 0.020740. Iter 10. Exp: 434.000000 / 22316 = 0.019448

Best cut found: 434.000000 / 22316. Expansion: 0.019448.
Algorithm has completed. Time required: 924.582090
Number of maxflows: 4. Wrat: 0.020368. Iter 11. Exp: 434.000000 / 22316 = 0.019448
Number of maxflows: 2. Wrat: 0.020368. Iter 12. Exp: 434.000000 / 22316 = 0.019448
Number of maxflows: 2. Wrat: 0.020368. Iter 13. Exp: 434.000000 / 22316 = 0.019448
Number of maxflows: 3. Wrat: 0.019458. Iter 14. Exp: 434.000000 / 22316 = 0.019448
Number of maxflows: 2. Wrat: 0.019458. Iter 15. Exp: 434.000000 / 22316 = 0.019448
Number of maxflows: 2. Wrat: 0.019458. Iter 16. Exp: 434.000000 / 22316 = 0.019448
Number of maxflows: 2. Wrat: 0.019458. Iter 17. Exp: 434.000000 / 22316 = 0.019448
Number of maxflows: 2. Wrat: 0.019458. Iter 18. Exp: 434.000000 / 22316 = 0.019448
Number of maxflows: 2. Wrat: 0.019458. Iter 19. Exp: 434.000000 / 22316 = 0.019448
Number of maxflows: 2. Wrat: 0.019458. Iter 20. Exp: 434.000000 / 22316 = 0.019448
Number of maxflows: 2. Wrat: 0.019458. Iter 21. Exp: 434.000000 / 22316 = 0.019448
Number of maxflows: 2. Wrat: 0.019458. Iter 22. Exp: 434.000000 / 22316 = 0.019448
Number of maxflows: 2. Wrat: 0.019458. Iter 23. Exp: 434.000000 / 22316 = 0.019448
Number of maxflows: 2. Wrat: 0.019458. Iter 24. Exp: 434.000000 / 22316 = 0.019448

Best cut found: 434.000000 / 22316. Expansion: 0.019448.
Algorithm has completed. Time required: 1617.793105

                              < M A T L A B >
                  Copyright 1984-2006 The MathWorks, Inc.
                         Version 7.3.0.298 (R2006b)
                              August 03, 2006

 
  To get started, type one of these: helpwin, helpdesk, or demo.
  For product information, visit www.mathworks.com.
 
>> 
Initialization complete. Time required: 8.648182

Running on ...
Graph: /home/eecs/orecchia/yahoo/graphs/sea50k-dir/sea50k.a0.i0.eg2. Number of vertices: 50000. Number of edges: 316806.
Number of iterations: 100.
Stopping condition: 2 5 10
Learning rate: 100.000000.
Initialization: 100.000000.
Random generator seed: 3.000000.
Flow precision: 512.
Run rate: n.
Lower bound: n.
Number of maxflows: 5. Wrat: 0.019936. Iter 1. Exp: 466.000000 / 24099 = 0.019337
Number of maxflows: 2. Wrat: 0.019936. Iter 2. Exp: 466.000000 / 24099 = 0.019337
Number of maxflows: 2. Wrat: 0.019936. Iter 3. Exp: 466.000000 / 24099 = 0.019337

Best cut found: 466.000000 / 24099. Expansion: 0.019337.
Algorithm has completed. Time required: 683.139679
Number of maxflows: 2. Wrat: 0.019936. Iter 4. Exp: 466.000000 / 24099 = 0.019337
Number of maxflows: 2. Wrat: 0.019936. Iter 5. Exp: 466.000000 / 24099 = 0.019337
Number of maxflows: 2. Wrat: 0.019936. Iter 6. Exp: 466.000000 / 24099 = 0.019337

Best cut found: 466.000000 / 24099. Expansion: 0.019337.
Algorithm has completed. Time required: 882.696873
Number of maxflows: 3. Wrat: 0.019606. Iter 7. Exp: 466.000000 / 24099 = 0.019337
Number of maxflows: 2. Wrat: 0.019606. Iter 8. Exp: 466.000000 / 24099 = 0.019337
Number of maxflows: 2. Wrat: 0.019606. Iter 9. Exp: 466.000000 / 24099 = 0.019337
Number of maxflows: 2. Wrat: 0.019606. Iter 10. Exp: 466.000000 / 24099 = 0.019337
Number of maxflows: 2. Wrat: 0.019606. Iter 11. Exp: 466.000000 / 24099 = 0.019337
Number of maxflows: 2. Wrat: 0.019606. Iter 12. Exp: 466.000000 / 24099 = 0.019337
Number of maxflows: 2. Wrat: 0.019606. Iter 13. Exp: 466.000000 / 24099 = 0.019337
Number of maxflows: 2. Wrat: 0.019606. Iter 14. Exp: 466.000000 / 24099 = 0.019337
Number of maxflows: 2. Wrat: 0.019606. Iter 15. Exp: 466.000000 / 24099 = 0.019337
Number of maxflows: 2. Wrat: 0.019606. Iter 16. Exp: 466.000000 / 24099 = 0.019337
Number of maxflows: 2. Wrat: 0.019606. Iter 17. Exp: 466.000000 / 24099 = 0.019337

Best cut found: 466.000000 / 24099. Expansion: 0.019337.
Algorithm has completed. Time required: 1389.309269

                              < M A T L A B >
                  Copyright 1984-2006 The MathWorks, Inc.
                         Version 7.3.0.298 (R2006b)
                              August 03, 2006

 
  To get started, type one of these: helpwin, helpdesk, or demo.
  For product information, visit www.mathworks.com.
 
>> 
Initialization complete. Time required: 3.400497

Running on ...
Graph: /home/eecs/orecchia/yahoo/graphs/sea50k-dir/sea50k.a0.i0.eg2. Number of vertices: 50000. Number of edges: 316806.
Number of iterations: 100.
Stopping condition: 2 5 10
Learning rate: 100.000000.
Initialization: 100.000000.
Random generator seed: 4.000000.
Flow precision: 512.
Run rate: n.
Lower bound: n.
Number of maxflows: 5. Wrat: 0.021553. Iter 1. Exp: 519.000000 / 24432 = 0.021243
>> 
                              < M A T L A B >
                  Copyright 1984-2006 The MathWorks, Inc.
                         Version 7.3.0.298 (R2006b)
                              August 03, 2006

 
  To get started, type one of these: helpwin, helpdesk, or demo.
  For product information, visit www.mathworks.com.
 
>> 
Initialization complete. Time required: 3.419613

Running on ...
Graph: /home/eecs/orecchia/yahoo/graphs/sea50k-dir/sea50k.a0.i0.eg2. Number of vertices: 50000. Number of edges: 316806.
Number of iterations: 100.
Stopping condition: 2 5 10
Learning rate: 100.000000.
Initialization: 100.000000.
Random generator seed: 5.000000.
Flow precision: 512.
Run rate: n.
Lower bound: n.
Number of maxflows: 5. Wrat: 0.022768. Iter 1. Exp: 507.000000 / 22496 = 0.022537
Number of maxflows: 3. Wrat: 0.020551. Iter 2. Exp: 434.000000 / 22316 = 0.019448
Number of maxflows: 2. Wrat: 0.020551. Iter 3. Exp: 434.000000 / 22316 = 0.019448
Number of maxflows: 2. Wrat: 0.020551. Iter 4. Exp: 434.000000 / 22316 = 0.019448

Best cut found: 434.000000 / 22316. Expansion: 0.019448.
Algorithm has completed. Time required: 689.120437
Number of maxflows: 2. Wrat: 0.020551. Iter 5. Exp: 434.000000 / 22316 = 0.019448
Number of maxflows: 2. Wrat: 0.020551. Iter 6. Exp: 434.000000 / 22316 = 0.019448
Number of maxflows: 2. Wrat: 0.020551. Iter 7. Exp: 434.000000 / 22316 = 0.019448

Best cut found: 434.000000 / 22316. Expansion: 0.019448.
Algorithm has completed. Time required: 862.433362
Number of maxflows: 2. Wrat: 0.020551. Iter 8. Exp: 434.000000 / 22316 = 0.019448
Number of maxflows: 2. Wrat: 0.020551. Iter 9. Exp: 434.000000 / 22316 = 0.019448
Number of maxflows: 2. Wrat: 0.020551. Iter 10. Exp: 434.000000 / 22316 = 0.019448
Number of maxflows: 3. Wrat: 0.020107. Iter 11. Exp: 466.000000 / 24550 = 0.018982
Number of maxflows: 2. Wrat: 0.020107. Iter 12. Exp: 466.000000 / 24550 = 0.018982
Number of maxflows: 2. Wrat: 0.020107. Iter 13. Exp: 466.000000 / 24550 = 0.018982
Number of maxflows: 2. Wrat: 0.020107. Iter 14. Exp: 466.000000 / 24550 = 0.018982
Number of maxflows: 2. Wrat: 0.020107. Iter 15. Exp: 466.000000 / 24550 = 0.018982
Number of maxflows: 2. Wrat: 0.020107. Iter 16. Exp: 466.000000 / 24550 = 0.018982
Number of maxflows: 2. Wrat: 0.020107. Iter 17. Exp: 466.000000 / 24550 = 0.018982
Number of maxflows: 2. Wrat: 0.020107. Iter 18. Exp: 466.000000 / 24550 = 0.018982
Number of maxflows: 2. Wrat: 0.020107. Iter 19. Exp: 466.000000 / 24550 = 0.018982
Number of maxflows: 2. Wrat: 0.020107. Iter 20. Exp: 466.000000 / 24550 = 0.018982
Number of maxflows: 2. Wrat: 0.020107. Iter 21. Exp: 466.000000 / 24550 = 0.018982

Best cut found: 466.000000 / 24550. Expansion: 0.018982.
Algorithm has completed. Time required: 1512.652867

                              < M A T L A B >
                  Copyright 1984-2006 The MathWorks, Inc.
                         Version 7.3.0.298 (R2006b)
                              August 03, 2006

 
  To get started, type one of these: helpwin, helpdesk, or demo.
  For product information, visit www.mathworks.com.
 
>> 
Initialization complete. Time required: 3.434738

Running on ...
Graph: /home/eecs/orecchia/yahoo/graphs/sea50k-dir/sea50k.a0.i0.eg2. Number of vertices: 50000. Number of edges: 316806.
Number of iterations: 100.
Stopping condition: 2 5 10
Learning rate: 100.000000.
Initialization: 100.000000.
Random generator seed: 6.000000.
Flow precision: 512.
Run rate: n.
Lower bound: n.
Number of maxflows: 5. Wrat: 0.021429. Iter 1. Exp: 495.000000 / 23369 = 0.021182
>> 
                              < M A T L A B >
                  Copyright 1984-2006 The MathWorks, Inc.
                         Version 7.3.0.298 (R2006b)
                              August 03, 2006

 
  To get started, type one of these: helpwin, helpdesk, or demo.
  For product information, visit www.mathworks.com.
 
>> 
Initialization complete. Time required: 3.416743

Running on ...
Graph: /home/eecs/orecchia/yahoo/graphs/sea50k-dir/sea50k.a0.i0.eg2. Number of vertices: 50000. Number of edges: 316806.
Number of iterations: 100.
Stopping condition: 2 5 10
Learning rate: 100.000000.
Initialization: 100.000000.
Random generator seed: 7.000000.
Flow precision: 512.
Run rate: n.
Lower bound: n.
Number of maxflows: 5. Wrat: 0.022548. Iter 1. Exp: 498.000000 / 24764 = 0.020110
Number of maxflows: 3. Wrat: 0.020117. Iter 2. Exp: 434.000000 / 22316 = 0.019448
Number of maxflows: 2. Wrat: 0.020117. Iter 3. Exp: 434.000000 / 22316 = 0.019448
Number of maxflows: 2. Wrat: 0.020117. Iter 4. Exp: 434.000000 / 22316 = 0.019448

Best cut found: 434.000000 / 22316. Expansion: 0.019448.
Algorithm has completed. Time required: 640.935377
Number of maxflows: 2. Wrat: 0.020117. Iter 5. Exp: 434.000000 / 22316 = 0.019448
Number of maxflows: 2. Wrat: 0.020117. Iter 6. Exp: 434.000000 / 22316 = 0.019448
Number of maxflows: 2. Wrat: 0.020117. Iter 7. Exp: 434.000000 / 22316 = 0.019448

Best cut found: 434.000000 / 22316. Expansion: 0.019448.
Algorithm has completed. Time required: 788.636138
Number of maxflows: 2. Wrat: 0.020117. Iter 8. Exp: 434.000000 / 22316 = 0.019448
Number of maxflows: 2. Wrat: 0.020117. Iter 9. Exp: 434.000000 / 22316 = 0.019448
Number of maxflows: 2. Wrat: 0.020117. Iter 10. Exp: 434.000000 / 22316 = 0.019448
Number of maxflows: 2. Wrat: 0.020117. Iter 11. Exp: 434.000000 / 22316 = 0.019448
Number of maxflows: 2. Wrat: 0.020117. Iter 12. Exp: 434.000000 / 22316 = 0.019448

Best cut found: 434.000000 / 22316. Expansion: 0.019448.
Algorithm has completed. Time required: 985.960344

                              < M A T L A B >
                  Copyright 1984-2006 The MathWorks, Inc.
                         Version 7.3.0.298 (R2006b)
                              August 03, 2006

 
  To get started, type one of these: helpwin, helpdesk, or demo.
  For product information, visit www.mathworks.com.
 
>> 
Initialization complete. Time required: 3.405633

Running on ...
Graph: /home/eecs/orecchia/yahoo/graphs/sea50k-dir/sea50k.a0.i0.eg2. Number of vertices: 50000. Number of edges: 316806.
Number of iterations: 100.
Stopping condition: 2 5 10
Learning rate: 100.000000.
Initialization: 100.000000.
Random generator seed: 8.000000.
Flow precision: 512.
Run rate: n.
Lower bound: n.
Number of maxflows: 5. Wrat: 0.022172. Iter 1. Exp: 498.000000 / 24757 = 0.020116
Number of maxflows: 4. Wrat: 0.020081. Iter 2. Exp: 434.000000 / 22316 = 0.019448
Number of maxflows: 2. Wrat: 0.020081. Iter 3. Exp: 434.000000 / 22316 = 0.019448
Number of maxflows: 2. Wrat: 0.020081. Iter 4. Exp: 434.000000 / 22316 = 0.019448

Best cut found: 434.000000 / 22316. Expansion: 0.019448.
Algorithm has completed. Time required: 654.403102
Number of maxflows: 2. Wrat: 0.020081. Iter 5. Exp: 434.000000 / 22316 = 0.019448
Number of maxflows: 2. Wrat: 0.020081. Iter 6. Exp: 434.000000 / 22316 = 0.019448
Number of maxflows: 3. Wrat: 0.020003. Iter 7. Exp: 434.000000 / 22316 = 0.019448
Number of maxflows: 3. Wrat: 0.019782. Iter 8. Exp: 434.000000 / 22316 = 0.019448
Number of maxflows: 2. Wrat: 0.019782. Iter 9. Exp: 434.000000 / 22316 = 0.019448
Number of maxflows: 2. Wrat: 0.019782. Iter 10. Exp: 434.000000 / 22316 = 0.019448
Number of maxflows: 2. Wrat: 0.019782. Iter 11. Exp: 434.000000 / 22316 = 0.019448
Number of maxflows: 2. Wrat: 0.019782. Iter 12. Exp: 434.000000 / 22316 = 0.019448
Number of maxflows: 2. Wrat: 0.019782. Iter 13. Exp: 434.000000 / 22316 = 0.019448

Best cut found: 434.000000 / 22316. Expansion: 0.019448.
Algorithm has completed. Time required: 1137.917421
Number of maxflows: 2. Wrat: 0.019782. Iter 14. Exp: 434.000000 / 22316 = 0.019448
Number of maxflows: 2. Wrat: 0.019782. Iter 15. Exp: 434.000000 / 22316 = 0.019448
Number of maxflows: 2. Wrat: 0.019782. Iter 16. Exp: 434.000000 / 22316 = 0.019448
Number of maxflows: 2. Wrat: 0.019782. Iter 17. Exp: 434.000000 / 22316 = 0.019448
Number of maxflows: 2. Wrat: 0.019782. Iter 18. Exp: 434.000000 / 22316 = 0.019448

Best cut found: 434.000000 / 22316. Expansion: 0.019448.
Algorithm has completed. Time required: 1387.088526

                              < M A T L A B >
                  Copyright 1984-2006 The MathWorks, Inc.
                         Version 7.3.0.298 (R2006b)
                              August 03, 2006

 
  To get started, type one of these: helpwin, helpdesk, or demo.
  For product information, visit www.mathworks.com.
 
>> 
Initialization complete. Time required: 4.433791

Running on ...
Graph: /home/eecs/orecchia/yahoo/graphs/sea50k-dir/sea50k.a0.i0.eg2. Number of vertices: 50000. Number of edges: 316806.
Number of iterations: 100.
Stopping condition: 2 5 10
Learning rate: 100.000000.
Initialization: 100.000000.
Random generator seed: 9.000000.
Flow precision: 512.
Run rate: n.
Lower bound: n.
Number of maxflows: 4. Wrat: 0.020670. Iter 1. Exp: 477.000000 / 23131 = 0.020622
Number of maxflows: 2. Wrat: 0.020670. Iter 2. Exp: 477.000000 / 23131 = 0.020622
Number of maxflows: 2. Wrat: 0.020670. Iter 3. Exp: 477.000000 / 23131 = 0.020622

Best cut found: 477.000000 / 23131. Expansion: 0.020622.
Algorithm has completed. Time required: 645.651569
Number of maxflows: 2. Wrat: 0.020670. Iter 4. Exp: 477.000000 / 23131 = 0.020622
Number of maxflows: 3. Wrat: 0.019882. Iter 5. Exp: 477.000000 / 24524 = 0.019450
Number of maxflows: 2. Wrat: 0.019882. Iter 6. Exp: 477.000000 / 24524 = 0.019450
Number of maxflows: 2. Wrat: 0.019882. Iter 7. Exp: 477.000000 / 24524 = 0.019450
Number of maxflows: 2. Wrat: 0.019882. Iter 8. Exp: 477.000000 / 24524 = 0.019450
Number of maxflows: 2. Wrat: 0.019882. Iter 9. Exp: 477.000000 / 24524 = 0.019450
Number of maxflows: 2. Wrat: 0.019882. Iter 10. Exp: 477.000000 / 24524 = 0.019450

Best cut found: 477.000000 / 24524. Expansion: 0.019450.
Algorithm has completed. Time required: 1064.129558
Number of maxflows: 2. Wrat: 0.019882. Iter 11. Exp: 477.000000 / 24524 = 0.019450
Number of maxflows: 2. Wrat: 0.019882. Iter 12. Exp: 477.000000 / 24524 = 0.019450
Number of maxflows: 2. Wrat: 0.019882. Iter 13. Exp: 477.000000 / 24524 = 0.019450
Number of maxflows: 2. Wrat: 0.019882. Iter 14. Exp: 477.000000 / 24524 = 0.019450
Number of maxflows: 2. Wrat: 0.019882. Iter 15. Exp: 477.000000 / 24524 = 0.019450

Best cut found: 477.000000 / 24524. Expansion: 0.019450.
Algorithm has completed. Time required: 1318.910654
