
                              < M A T L A B >
                  Copyright 1984-2006 The MathWorks, Inc.
                         Version 7.3.0.298 (R2006b)
                              August 03, 2006

 
  To get started, type one of these: helpwin, helpdesk, or demo.
  For product information, visit www.mathworks.com.
 
>> 
Initialization complete. Time required: 3.746533

Running on ...
Graph: /home/eecs/orecchia/yahoo/graphs/sea50k-dir/sea50k.a0.i0.eg2. Number of vertices: 50000. Number of edges: 316806.
Number of iterations: 100.
Stopping condition: 2 5 10
Learning rate: 100.000000.
Initialization: 0.000000.
Random generator seed: 0.000000.
Flow precision: 512.
Run rate: n.
Lower bound: n.
Warning: Divide by zero.
> In expv at 95
  In cutfind at 234
Warning: Divide by zero.
> In expv at 95
  In cutfind at 234
Number of maxflows: 11. Wrat: 0.714286. Iter 1. Exp: 814.000000 / 8827 = 0.092217
Number of maxflows: 7. Wrat: 0.075076. Iter 2. Exp: 448.000000 / 10540 = 0.042505
Number of maxflows: 4. Wrat: 0.021683. Iter 3. Exp: 488.000000 / 24552 = 0.019876
Number of maxflows: 3. Wrat: 0.020315. Iter 4. Exp: 434.000000 / 22324 = 0.019441
Number of maxflows: 2. Wrat: 0.020315. Iter 5. Exp: 434.000000 / 22324 = 0.019441
Number of maxflows: 2. Wrat: 0.020315. Iter 6. Exp: 434.000000 / 22324 = 0.019441

Best cut found: 434.000000 / 22324. Expansion: 0.019441.
Algorithm has completed. Time required: 113.828406
Number of maxflows: 2. Wrat: 0.020315. Iter 7. Exp: 434.000000 / 22324 = 0.019441
Number of maxflows: 2. Wrat: 0.020315. Iter 8. Exp: 434.000000 / 22324 = 0.019441
Number of maxflows: 2. Wrat: 0.020315. Iter 9. Exp: 434.000000 / 22324 = 0.019441

Best cut found: 434.000000 / 22324. Expansion: 0.019441.
Algorithm has completed. Time required: 154.574940
Number of maxflows: 2. Wrat: 0.020315. Iter 10. Exp: 434.000000 / 22324 = 0.019441
Number of maxflows: 2. Wrat: 0.020315. Iter 11. Exp: 434.000000 / 22324 = 0.019441
Number of maxflows: 2. Wrat: 0.020315. Iter 12. Exp: 434.000000 / 22324 = 0.019441
Number of maxflows: 2. Wrat: 0.020315. Iter 13. Exp: 434.000000 / 22324 = 0.019441
Number of maxflows: 2. Wrat: 0.020315. Iter 14. Exp: 434.000000 / 22324 = 0.019441

Best cut found: 434.000000 / 22324. Expansion: 0.019441.
Algorithm has completed. Time required: 218.593665

                              < M A T L A B >
                  Copyright 1984-2006 The MathWorks, Inc.
                         Version 7.3.0.298 (R2006b)
                              August 03, 2006

 
  To get started, type one of these: helpwin, helpdesk, or demo.
  For product information, visit www.mathworks.com.
 
>> 
Initialization complete. Time required: 3.833672

Running on ...
Graph: /home/eecs/orecchia/yahoo/graphs/sea50k-dir/sea50k.a0.i0.eg2. Number of vertices: 50000. Number of edges: 316806.
Number of iterations: 100.
Stopping condition: 2 5 10
Learning rate: 100.000000.
Initialization: 0.000000.
Random generator seed: 1.000000.
Flow precision: 512.
Run rate: n.
Lower bound: n.
Warning: Divide by zero.
> In expv at 95
  In cutfind at 234
Warning: Divide by zero.
> In expv at 95
  In cutfind at 234
Number of maxflows: 11. Wrat: 1.000000. Iter 1. Exp: 403.000000 / 7628 = 0.052832
Number of maxflows: 2. Wrat: 1.000000. Iter 2. Exp: 403.000000 / 7628 = 0.052832
Number of maxflows: 6. Wrat: 0.331897. Iter 3. Exp: 403.000000 / 7628 = 0.052832
Number of maxflows: 4. Wrat: 0.021924. Iter 4. Exp: 485.000000 / 23300 = 0.020815
Number of maxflows: 3. Wrat: 0.021513. Iter 5. Exp: 491.000000 / 23751 = 0.020673
Number of maxflows: 2. Wrat: 0.021513. Iter 6. Exp: 491.000000 / 23751 = 0.020673
Number of maxflows: 2. Wrat: 0.021513. Iter 7. Exp: 491.000000 / 23751 = 0.020673

Best cut found: 491.000000 / 23751. Expansion: 0.020673.
Algorithm has completed. Time required: 155.033166
Number of maxflows: 2. Wrat: 0.021513. Iter 8. Exp: 491.000000 / 23751 = 0.020673
Number of maxflows: 2. Wrat: 0.021513. Iter 9. Exp: 491.000000 / 23751 = 0.020673
Number of maxflows: 2. Wrat: 0.021513. Iter 10. Exp: 491.000000 / 23751 = 0.020673

Best cut found: 491.000000 / 23751. Expansion: 0.020673.
Algorithm has completed. Time required: 232.728811
Number of maxflows: 2. Wrat: 0.021513. Iter 11. Exp: 491.000000 / 23751 = 0.020673
Number of maxflows: 2. Wrat: 0.021513. Iter 12. Exp: 491.000000 / 23751 = 0.020673
Number of maxflows: 2. Wrat: 0.021513. Iter 13. Exp: 491.000000 / 23751 = 0.020673
Number of maxflows: 2. Wrat: 0.021513. Iter 14. Exp: 491.000000 / 23751 = 0.020673
Number of maxflows: 2. Wrat: 0.021513. Iter 15. Exp: 491.000000 / 23751 = 0.020673

Best cut found: 491.000000 / 23751. Expansion: 0.020673.
Algorithm has completed. Time required: 346.548669

                              < M A T L A B >
                  Copyright 1984-2006 The MathWorks, Inc.
                         Version 7.3.0.298 (R2006b)
                              August 03, 2006

 
  To get started, type one of these: helpwin, helpdesk, or demo.
  For product information, visit www.mathworks.com.
 
>> 
Initialization complete. Time required: 4.065700

Running on ...
Graph: /home/eecs/orecchia/yahoo/graphs/sea50k-dir/sea50k.a0.i0.eg2. Number of vertices: 50000. Number of edges: 316806.
Number of iterations: 100.
Stopping condition: 2 5 10
Learning rate: 100.000000.
Initialization: 0.000000.
Random generator seed: 2.000000.
Flow precision: 512.
Run rate: n.
Lower bound: n.
Warning: Divide by zero.
> In expv at 95
  In cutfind at 234
Warning: Divide by zero.
> In expv at 95
  In cutfind at 234
Number of maxflows: 12. Wrat: 1.000000. Iter 1. Exp: 1323.000000 / 15848 = 0.083481
Number of maxflows: 2. Wrat: 1.000000. Iter 2. Exp: 1323.000000 / 15848 = 0.083481
Number of maxflows: 7. Wrat: 0.352941. Iter 3. Exp: 320.000000 / 3841 = 0.083312
Number of maxflows: 5. Wrat: 0.033383. Iter 4. Exp: 535.000000 / 16664 = 0.032105
Number of maxflows: 3. Wrat: 0.022183. Iter 5. Exp: 470.000000 / 24961 = 0.018829
Number of maxflows: 2. Wrat: 0.022183. Iter 6. Exp: 470.000000 / 24961 = 0.018829
Number of maxflows: 2. Wrat: 0.022183. Iter 7. Exp: 470.000000 / 24961 = 0.018829

Best cut found: 470.000000 / 24961. Expansion: 0.018829.
Algorithm has completed. Time required: 146.961719
Number of maxflows: 2. Wrat: 0.022183. Iter 8. Exp: 470.000000 / 24961 = 0.018829
Number of maxflows: 2. Wrat: 0.022183. Iter 9. Exp: 470.000000 / 24961 = 0.018829
Number of maxflows: 3. Wrat: 0.020324. Iter 10. Exp: 470.000000 / 24961 = 0.018829
Number of maxflows: 2. Wrat: 0.020324. Iter 11. Exp: 470.000000 / 24961 = 0.018829
Number of maxflows: 2. Wrat: 0.020324. Iter 12. Exp: 470.000000 / 24961 = 0.018829
Number of maxflows: 2. Wrat: 0.020324. Iter 13. Exp: 470.000000 / 24961 = 0.018829
Number of maxflows: 2. Wrat: 0.020324. Iter 14. Exp: 470.000000 / 24961 = 0.018829
Number of maxflows: 2. Wrat: 0.020324. Iter 15. Exp: 470.000000 / 24961 = 0.018829

Best cut found: 470.000000 / 24961. Expansion: 0.018829.
Algorithm has completed. Time required: 315.398449
Number of maxflows: 2. Wrat: 0.020324. Iter 16. Exp: 470.000000 / 24961 = 0.018829
Number of maxflows: 2. Wrat: 0.020324. Iter 17. Exp: 470.000000 / 24961 = 0.018829
Number of maxflows: 2. Wrat: 0.020324. Iter 18. Exp: 470.000000 / 24961 = 0.018829
Number of maxflows: 2. Wrat: 0.020324. Iter 19. Exp: 470.000000 / 24961 = 0.018829
Number of maxflows: 2. Wrat: 0.020324. Iter 20. Exp: 470.000000 / 24961 = 0.018829

Best cut found: 470.000000 / 24961. Expansion: 0.018829.
Algorithm has completed. Time required: 405.887408

                              < M A T L A B >
                  Copyright 1984-2006 The MathWorks, Inc.
                         Version 7.3.0.298 (R2006b)
                              August 03, 2006

 
  To get started, type one of these: helpwin, helpdesk, or demo.
  For product information, visit www.mathworks.com.
 
>> 
Initialization complete. Time required: 3.998895

Running on ...
Graph: /home/eecs/orecchia/yahoo/graphs/sea50k-dir/sea50k.a0.i0.eg2. Number of vertices: 50000. Number of edges: 316806.
Number of iterations: 100.
Stopping condition: 2 5 10
Learning rate: 100.000000.
Initialization: 0.000000.
Random generator seed: 3.000000.
Flow precision: 512.
Run rate: n.
Lower bound: n.
Warning: Divide by zero.
> In expv at 95
  In cutfind at 234
Warning: Divide by zero.
> In expv at 95
  In cutfind at 234
Number of maxflows: 10. Wrat: 1.000000. Iter 1. Exp: 509.000000 / 9870 = 0.051570
Number of maxflows: 2. Wrat: 1.000000. Iter 2. Exp: 509.000000 / 9870 = 0.051570
Number of maxflows: 6. Wrat: 0.292857. Iter 3. Exp: 1059.000000 / 23512 = 0.045041
Number of maxflows: 5. Wrat: 0.030490. Iter 4. Exp: 449.000000 / 14958 = 0.030017
Number of maxflows: 3. Wrat: 0.024117. Iter 5. Exp: 520.000000 / 23380 = 0.022241
Number of maxflows: 2. Wrat: 0.024117. Iter 6. Exp: 520.000000 / 23380 = 0.022241
Number of maxflows: 2. Wrat: 0.024117. Iter 7. Exp: 520.000000 / 23380 = 0.022241

Best cut found: 520.000000 / 23380. Expansion: 0.022241.
Algorithm has completed. Time required: 137.548632
Number of maxflows: 2. Wrat: 0.024117. Iter 8. Exp: 520.000000 / 23380 = 0.022241
Number of maxflows: 2. Wrat: 0.024117. Iter 9. Exp: 520.000000 / 23380 = 0.022241
Number of maxflows: 2. Wrat: 0.024117. Iter 10. Exp: 520.000000 / 23380 = 0.022241

Best cut found: 520.000000 / 23380. Expansion: 0.022241.
Algorithm has completed. Time required: 191.550358
Number of maxflows: 2. Wrat: 0.024117. Iter 11. Exp: 520.000000 / 23380 = 0.022241
Number of maxflows: 2. Wrat: 0.024117. Iter 12. Exp: 520.000000 / 23380 = 0.022241
Number of maxflows: 3. Wrat: 0.022068. Iter 13. Exp: 494.000000 / 24613 = 0.020071
Number of maxflows: 2. Wrat: 0.022068. Iter 14. Exp: 494.000000 / 24613 = 0.020071
Number of maxflows: 2. Wrat: 0.022068. Iter 15. Exp: 494.000000 / 24613 = 0.020071
Number of maxflows: 2. Wrat: 0.022068. Iter 16. Exp: 494.000000 / 24613 = 0.020071
Number of maxflows: 2. Wrat: 0.022068. Iter 17. Exp: 494.000000 / 24613 = 0.020071
Number of maxflows: 2. Wrat: 0.022068. Iter 18. Exp: 494.000000 / 24613 = 0.020071
Number of maxflows: 2. Wrat: 0.022068. Iter 19. Exp: 494.000000 / 24613 = 0.020071
Number of maxflows: 2. Wrat: 0.022068. Iter 20. Exp: 494.000000 / 24613 = 0.020071
Number of maxflows: 3. Wrat: 0.021503. Iter 21. Exp: 494.000000 / 24613 = 0.020071
Number of maxflows: 2. Wrat: 0.021503. Iter 22. Exp: 494.000000 / 24613 = 0.020071
Number of maxflows: 2. Wrat: 0.021503. Iter 23. Exp: 494.000000 / 24613 = 0.020071
Number of maxflows: 2. Wrat: 0.021503. Iter 24. Exp: 494.000000 / 24613 = 0.020071
Number of maxflows: 2. Wrat: 0.021503. Iter 25. Exp: 494.000000 / 24613 = 0.020071
Number of maxflows: 2. Wrat: 0.021503. Iter 26. Exp: 494.000000 / 24613 = 0.020071
Number of maxflows: 2. Wrat: 0.021503. Iter 27. Exp: 494.000000 / 24613 = 0.020071
Number of maxflows: 2. Wrat: 0.021503. Iter 28. Exp: 494.000000 / 24613 = 0.020071
Number of maxflows: 2. Wrat: 0.021503. Iter 29. Exp: 494.000000 / 24613 = 0.020071
Number of maxflows: 2. Wrat: 0.021503. Iter 30. Exp: 494.000000 / 24613 = 0.020071
Number of maxflows: 2. Wrat: 0.021503. Iter 31. Exp: 494.000000 / 24613 = 0.020071

Best cut found: 494.000000 / 24613. Expansion: 0.020071.
Algorithm has completed. Time required: 703.864404

                              < M A T L A B >
                  Copyright 1984-2006 The MathWorks, Inc.
                         Version 7.3.0.298 (R2006b)
                              August 03, 2006

 
  To get started, type one of these: helpwin, helpdesk, or demo.
  For product information, visit www.mathworks.com.
 
>> 
Initialization complete. Time required: 3.999631

Running on ...
Graph: /home/eecs/orecchia/yahoo/graphs/sea50k-dir/sea50k.a0.i0.eg2. Number of vertices: 50000. Number of edges: 316806.
Number of iterations: 100.
Stopping condition: 2 5 10
Learning rate: 100.000000.
Initialization: 0.000000.
Random generator seed: 4.000000.
Flow precision: 512.
Run rate: n.
Lower bound: n.
Warning: Divide by zero.
> In expv at 95
  In cutfind at 234
Warning: Divide by zero.
> In expv at 95
  In cutfind at 234
Number of maxflows: 11. Wrat: 1.000000. Iter 1. Exp: 312.000000 / 3841 = 0.081229
Number of maxflows: 4. Wrat: 0.857143. Iter 2. Exp: 312.000000 / 3841 = 0.081229
Number of maxflows: 5. Wrat: 0.039368. Iter 3. Exp: 516.000000 / 17767 = 0.029043
Number of maxflows: 4. Wrat: 0.022736. Iter 4. Exp: 477.000000 / 22334 = 0.021358
Number of maxflows: 2. Wrat: 0.022736. Iter 5. Exp: 477.000000 / 22334 = 0.021358
Number of maxflows: 2. Wrat: 0.022736. Iter 6. Exp: 477.000000 / 22334 = 0.021358

Best cut found: 477.000000 / 22334. Expansion: 0.021358.
Algorithm has completed. Time required: 141.812261
Number of maxflows: 2. Wrat: 0.022736. Iter 7. Exp: 477.000000 / 22334 = 0.021358
Number of maxflows: 2. Wrat: 0.022736. Iter 8. Exp: 477.000000 / 22334 = 0.021358
Number of maxflows: 2. Wrat: 0.022736. Iter 9. Exp: 477.000000 / 22334 = 0.021358

Best cut found: 477.000000 / 22334. Expansion: 0.021358.
Algorithm has completed. Time required: 213.958170
Number of maxflows: 2. Wrat: 0.022736. Iter 10. Exp: 477.000000 / 22334 = 0.021358
Number of maxflows: 2. Wrat: 0.022736. Iter 11. Exp: 477.000000 / 22334 = 0.021358
Number of maxflows: 2. Wrat: 0.022736. Iter 12. Exp: 477.000000 / 22334 = 0.021358
Number of maxflows: 3. Wrat: 0.022504. Iter 13. Exp: 477.000000 / 22334 = 0.021358
Number of maxflows: 2. Wrat: 0.022504. Iter 14. Exp: 477.000000 / 22334 = 0.021358
Number of maxflows: 2. Wrat: 0.022504. Iter 15. Exp: 477.000000 / 22334 = 0.021358
Number of maxflows: 2. Wrat: 0.022504. Iter 16. Exp: 477.000000 / 22334 = 0.021358
Number of maxflows: 2. Wrat: 0.022504. Iter 17. Exp: 477.000000 / 22334 = 0.021358
Number of maxflows: 2. Wrat: 0.022504. Iter 18. Exp: 477.000000 / 22334 = 0.021358
Number of maxflows: 2. Wrat: 0.022504. Iter 19. Exp: 477.000000 / 22334 = 0.021358
Number of maxflows: 2. Wrat: 0.022504. Iter 20. Exp: 477.000000 / 22334 = 0.021358
Number of maxflows: 2. Wrat: 0.022504. Iter 21. Exp: 477.000000 / 22334 = 0.021358
Number of maxflows: 2. Wrat: 0.022504. Iter 22. Exp: 477.000000 / 22334 = 0.021358
Number of maxflows: 2. Wrat: 0.022504. Iter 23. Exp: 477.000000 / 22334 = 0.021358

Best cut found: 477.000000 / 22334. Expansion: 0.021358.
Algorithm has completed. Time required: 516.568629

                              < M A T L A B >
                  Copyright 1984-2006 The MathWorks, Inc.
                         Version 7.3.0.298 (R2006b)
                              August 03, 2006

 
  To get started, type one of these: helpwin, helpdesk, or demo.
  For product information, visit www.mathworks.com.
 
>> 
Initialization complete. Time required: 3.714538

Running on ...
Graph: /home/eecs/orecchia/yahoo/graphs/sea50k-dir/sea50k.a0.i0.eg2. Number of vertices: 50000. Number of edges: 316806.
Number of iterations: 100.
Stopping condition: 2 5 10
Learning rate: 100.000000.
Initialization: 0.000000.
Random generator seed: 5.000000.
Flow precision: 512.
Run rate: n.
Lower bound: n.
Warning: Divide by zero.
> In expv at 95
  In cutfind at 234
Warning: Divide by zero.
> In expv at 95
  In cutfind at 234
Number of maxflows: 12. Wrat: 0.909091. Iter 1. Exp: 465.000000 / 8357 = 0.055642
Number of maxflows: 6. Wrat: 0.038930. Iter 2. Exp: 460.000000 / 23332 = 0.019715
Number of maxflows: 4. Wrat: 0.023598. Iter 3. Exp: 460.000000 / 23332 = 0.019715
Number of maxflows: 2. Wrat: 0.023598. Iter 4. Exp: 460.000000 / 23332 = 0.019715
Number of maxflows: 2. Wrat: 0.023598. Iter 5. Exp: 460.000000 / 23332 = 0.019715

Best cut found: 460.000000 / 23332. Expansion: 0.019715.
Algorithm has completed. Time required: 109.037685
Number of maxflows: 2. Wrat: 0.023598. Iter 6. Exp: 460.000000 / 23332 = 0.019715
Number of maxflows: 2. Wrat: 0.023598. Iter 7. Exp: 460.000000 / 23332 = 0.019715
Number of maxflows: 3. Wrat: 0.022855. Iter 8. Exp: 480.000000 / 24866 = 0.019303
Number of maxflows: 2. Wrat: 0.022855. Iter 9. Exp: 480.000000 / 24866 = 0.019303
Number of maxflows: 2. Wrat: 0.022855. Iter 10. Exp: 480.000000 / 24866 = 0.019303
Number of maxflows: 2. Wrat: 0.022855. Iter 11. Exp: 480.000000 / 24866 = 0.019303
Number of maxflows: 2. Wrat: 0.022855. Iter 12. Exp: 480.000000 / 24866 = 0.019303
Number of maxflows: 2. Wrat: 0.022855. Iter 13. Exp: 480.000000 / 24866 = 0.019303

Best cut found: 480.000000 / 24866. Expansion: 0.019303.
Algorithm has completed. Time required: 258.292263
Number of maxflows: 2. Wrat: 0.022855. Iter 14. Exp: 480.000000 / 24866 = 0.019303
Number of maxflows: 2. Wrat: 0.022855. Iter 15. Exp: 480.000000 / 24866 = 0.019303
Number of maxflows: 2. Wrat: 0.022855. Iter 16. Exp: 480.000000 / 24866 = 0.019303
Number of maxflows: 3. Wrat: 0.022667. Iter 17. Exp: 480.000000 / 24866 = 0.019303
Number of maxflows: 2. Wrat: 0.022667. Iter 18. Exp: 480.000000 / 24866 = 0.019303
Number of maxflows: 2. Wrat: 0.022667. Iter 19. Exp: 480.000000 / 24866 = 0.019303
Number of maxflows: 2. Wrat: 0.022667. Iter 20. Exp: 480.000000 / 24866 = 0.019303
Number of maxflows: 2. Wrat: 0.022667. Iter 21. Exp: 480.000000 / 24866 = 0.019303
Number of maxflows: 2. Wrat: 0.022667. Iter 22. Exp: 480.000000 / 24866 = 0.019303
Number of maxflows: 2. Wrat: 0.022667. Iter 23. Exp: 480.000000 / 24866 = 0.019303
Number of maxflows: 2. Wrat: 0.022667. Iter 24. Exp: 480.000000 / 24866 = 0.019303
Number of maxflows: 2. Wrat: 0.022667. Iter 25. Exp: 480.000000 / 24866 = 0.019303
Number of maxflows: 2. Wrat: 0.022667. Iter 26. Exp: 480.000000 / 24866 = 0.019303
Number of maxflows: 2. Wrat: 0.022667. Iter 27. Exp: 480.000000 / 24866 = 0.019303

Best cut found: 480.000000 / 24866. Expansion: 0.019303.
Algorithm has completed. Time required: 506.914727

                              < M A T L A B >
                  Copyright 1984-2006 The MathWorks, Inc.
                         Version 7.3.0.298 (R2006b)
                              August 03, 2006

 
  To get started, type one of these: helpwin, helpdesk, or demo.
  For product information, visit www.mathworks.com.
 
>> 
Initialization complete. Time required: 3.483063

Running on ...
Graph: /home/eecs/orecchia/yahoo/graphs/sea50k-dir/sea50k.a0.i0.eg2. Number of vertices: 50000. Number of edges: 316806.
Number of iterations: 100.
Stopping condition: 2 5 10
Learning rate: 100.000000.
Initialization: 0.000000.
Random generator seed: 6.000000.
Flow precision: 512.
Run rate: n.
Lower bound: n.
Warning: Divide by zero.
> In expv at 95
  In cutfind at 234
Warning: Divide by zero.
> In expv at 95
  In cutfind at 234
Number of maxflows: 11. Wrat: 0.833333. Iter 1. Exp: 914.000000 / 15193 = 0.060159
Number of maxflows: 5. Wrat: 0.066389. Iter 2. Exp: 541.000000 / 17045 = 0.031740
Number of maxflows: 4. Wrat: 0.021725. Iter 3. Exp: 481.000000 / 24824 = 0.019376
Number of maxflows: 3. Wrat: 0.021530. Iter 4. Exp: 481.000000 / 24824 = 0.019376
Number of maxflows: 2. Wrat: 0.021530. Iter 5. Exp: 481.000000 / 24824 = 0.019376
Number of maxflows: 2. Wrat: 0.021530. Iter 6. Exp: 481.000000 / 24824 = 0.019376

Best cut found: 481.000000 / 24824. Expansion: 0.019376.
Algorithm has completed. Time required: 128.395110
Number of maxflows: 2. Wrat: 0.021530. Iter 7. Exp: 481.000000 / 24824 = 0.019376
Number of maxflows: 2. Wrat: 0.021530. Iter 8. Exp: 481.000000 / 24824 = 0.019376
Number of maxflows: 2. Wrat: 0.021530. Iter 9. Exp: 481.000000 / 24824 = 0.019376

Best cut found: 481.000000 / 24824. Expansion: 0.019376.
Algorithm has completed. Time required: 187.908697
Number of maxflows: 2. Wrat: 0.021530. Iter 10. Exp: 481.000000 / 24824 = 0.019376
Number of maxflows: 2. Wrat: 0.021530. Iter 11. Exp: 481.000000 / 24824 = 0.019376
Number of maxflows: 2. Wrat: 0.021530. Iter 12. Exp: 481.000000 / 24824 = 0.019376
Number of maxflows: 2. Wrat: 0.021530. Iter 13. Exp: 481.000000 / 24824 = 0.019376
Number of maxflows: 2. Wrat: 0.021530. Iter 14. Exp: 481.000000 / 24824 = 0.019376

Best cut found: 481.000000 / 24824. Expansion: 0.019376.
Algorithm has completed. Time required: 272.555192

                              < M A T L A B >
                  Copyright 1984-2006 The MathWorks, Inc.
                         Version 7.3.0.298 (R2006b)
                              August 03, 2006

 
  To get started, type one of these: helpwin, helpdesk, or demo.
  For product information, visit www.mathworks.com.
 
>> 
Initialization complete. Time required: 4.520634

Running on ...
Graph: /home/eecs/orecchia/yahoo/graphs/sea50k-dir/sea50k.a0.i0.eg2. Number of vertices: 50000. Number of edges: 316806.
Number of iterations: 100.
Stopping condition: 2 5 10
Learning rate: 100.000000.
Initialization: 0.000000.
Random generator seed: 7.000000.
Flow precision: 512.
Run rate: n.
Lower bound: n.
Warning: Divide by zero.
> In expv at 95
  In cutfind at 234
Warning: Divide by zero.
> In expv at 95
  In cutfind at 234
Number of maxflows: 12. Wrat: 1.000000. Iter 1. Exp: 785.000000 / 13662 = 0.057459
Number of maxflows: 2. Wrat: 1.000000. Iter 2. Exp: 785.000000 / 13662 = 0.057459
Number of maxflows: 6. Wrat: 0.246497. Iter 3. Exp: 563.000000 / 12690 = 0.044366
Number of maxflows: 5. Wrat: 0.024212. Iter 4. Exp: 447.000000 / 21334 = 0.020952
Number of maxflows: 3. Wrat: 0.020596. Iter 5. Exp: 477.000000 / 24900 = 0.019157
Number of maxflows: 2. Wrat: 0.020596. Iter 6. Exp: 477.000000 / 24900 = 0.019157
Number of maxflows: 2. Wrat: 0.020596. Iter 7. Exp: 477.000000 / 24900 = 0.019157

Best cut found: 477.000000 / 24900. Expansion: 0.019157.
Algorithm has completed. Time required: 126.545769
Number of maxflows: 2. Wrat: 0.020596. Iter 8. Exp: 477.000000 / 24900 = 0.019157
Number of maxflows: 2. Wrat: 0.020596. Iter 9. Exp: 477.000000 / 24900 = 0.019157
Number of maxflows: 2. Wrat: 0.020596. Iter 10. Exp: 477.000000 / 24900 = 0.019157

Best cut found: 477.000000 / 24900. Expansion: 0.019157.
Algorithm has completed. Time required: 180.236613
Number of maxflows: 2. Wrat: 0.020596. Iter 11. Exp: 477.000000 / 24900 = 0.019157
Number of maxflows: 2. Wrat: 0.020596. Iter 12. Exp: 477.000000 / 24900 = 0.019157
Number of maxflows: 2. Wrat: 0.020596. Iter 13. Exp: 477.000000 / 24900 = 0.019157
Number of maxflows: 2. Wrat: 0.020596. Iter 14. Exp: 477.000000 / 24900 = 0.019157
Number of maxflows: 2. Wrat: 0.020596. Iter 15. Exp: 477.000000 / 24900 = 0.019157

Best cut found: 477.000000 / 24900. Expansion: 0.019157.
Algorithm has completed. Time required: 278.364492

                              < M A T L A B >
                  Copyright 1984-2006 The MathWorks, Inc.
                         Version 7.3.0.298 (R2006b)
                              August 03, 2006

 
  To get started, type one of these: helpwin, helpdesk, or demo.
  For product information, visit www.mathworks.com.
 
>> 
Initialization complete. Time required: 3.722300

Running on ...
Graph: /home/eecs/orecchia/yahoo/graphs/sea50k-dir/sea50k.a0.i0.eg2. Number of vertices: 50000. Number of edges: 316806.
Number of iterations: 100.
Stopping condition: 2 5 10
Learning rate: 100.000000.
Initialization: 0.000000.
Random generator seed: 8.000000.
Flow precision: 512.
Run rate: n.
Lower bound: n.
Warning: Divide by zero.
> In expv at 95
  In cutfind at 234
Warning: Divide by zero.
> In expv at 95
  In cutfind at 234
Number of maxflows: 12. Wrat: 1.000000. Iter 1. Exp: 556.000000 / 19068 = 0.029159
Number of maxflows: 2. Wrat: 1.000000. Iter 2. Exp: 556.000000 / 19068 = 0.029159
Number of maxflows: 6. Wrat: 0.335707. Iter 3. Exp: 556.000000 / 19068 = 0.029159
Number of maxflows: 4. Wrat: 0.025804. Iter 4. Exp: 490.000000 / 19851 = 0.024684
Number of maxflows: 3. Wrat: 0.023170. Iter 5. Exp: 494.000000 / 23059 = 0.021423
Number of maxflows: 2. Wrat: 0.023170. Iter 6. Exp: 494.000000 / 23059 = 0.021423
Number of maxflows: 2. Wrat: 0.023170. Iter 7. Exp: 494.000000 / 23059 = 0.021423

Best cut found: 494.000000 / 23059. Expansion: 0.021423.
Algorithm has completed. Time required: 154.175824
Number of maxflows: 2. Wrat: 0.023170. Iter 8. Exp: 494.000000 / 23059 = 0.021423
Number of maxflows: 2. Wrat: 0.023170. Iter 9. Exp: 494.000000 / 23059 = 0.021423
Number of maxflows: 2. Wrat: 0.023170. Iter 10. Exp: 494.000000 / 23059 = 0.021423

Best cut found: 494.000000 / 23059. Expansion: 0.021423.
Algorithm has completed. Time required: 224.370150
Number of maxflows: 2. Wrat: 0.023170. Iter 11. Exp: 494.000000 / 23059 = 0.021423
Number of maxflows: 2. Wrat: 0.023170. Iter 12. Exp: 494.000000 / 23059 = 0.021423
Number of maxflows: 2. Wrat: 0.023170. Iter 13. Exp: 494.000000 / 23059 = 0.021423
Number of maxflows: 2. Wrat: 0.023170. Iter 14. Exp: 494.000000 / 23059 = 0.021423
Number of maxflows: 2. Wrat: 0.023170. Iter 15. Exp: 494.000000 / 23059 = 0.021423

Best cut found: 494.000000 / 23059. Expansion: 0.021423.
Algorithm has completed. Time required: 341.053983

                              < M A T L A B >
                  Copyright 1984-2006 The MathWorks, Inc.
                         Version 7.3.0.298 (R2006b)
                              August 03, 2006

 
  To get started, type one of these: helpwin, helpdesk, or demo.
  For product information, visit www.mathworks.com.
 
>> 
Initialization complete. Time required: 3.735406

Running on ...
Graph: /home/eecs/orecchia/yahoo/graphs/sea50k-dir/sea50k.a0.i0.eg2. Number of vertices: 50000. Number of edges: 316806.
Number of iterations: 100.
Stopping condition: 2 5 10
Learning rate: 100.000000.
Initialization: 0.000000.
Random generator seed: 9.000000.
Flow precision: 512.
Run rate: n.
Lower bound: n.
Warning: Divide by zero.
> In expv at 95
  In cutfind at 234
Warning: Divide by zero.
> In expv at 95
  In cutfind at 234
Number of maxflows: 12. Wrat: 0.975806. Iter 1. Exp: 829.000000 / 22686 = 0.036542
Number of maxflows: 7. Wrat: 0.072885. Iter 2. Exp: 479.000000 / 16468 = 0.029087
Number of maxflows: 4. Wrat: 0.021578. Iter 3. Exp: 491.000000 / 23449 = 0.020939
Number of maxflows: 2. Wrat: 0.021578. Iter 4. Exp: 491.000000 / 23449 = 0.020939
Number of maxflows: 2. Wrat: 0.021578. Iter 5. Exp: 491.000000 / 23449 = 0.020939

Best cut found: 491.000000 / 23449. Expansion: 0.020939.
Algorithm has completed. Time required: 126.342162
Number of maxflows: 2. Wrat: 0.021578. Iter 6. Exp: 491.000000 / 23449 = 0.020939
Number of maxflows: 2. Wrat: 0.021578. Iter 7. Exp: 491.000000 / 23449 = 0.020939
Number of maxflows: 2. Wrat: 0.021578. Iter 8. Exp: 491.000000 / 23449 = 0.020939

Best cut found: 491.000000 / 23449. Expansion: 0.020939.
Algorithm has completed. Time required: 194.978597
Number of maxflows: 2. Wrat: 0.021578. Iter 9. Exp: 491.000000 / 23449 = 0.020939
Number of maxflows: 2. Wrat: 0.021578. Iter 10. Exp: 491.000000 / 23449 = 0.020939
Number of maxflows: 2. Wrat: 0.021578. Iter 11. Exp: 491.000000 / 23449 = 0.020939
Number of maxflows: 2. Wrat: 0.021578. Iter 12. Exp: 491.000000 / 23449 = 0.020939
Number of maxflows: 2. Wrat: 0.021578. Iter 13. Exp: 491.000000 / 23449 = 0.020939

Best cut found: 491.000000 / 23449. Expansion: 0.020939.
Algorithm has completed. Time required: 304.113688
