
                              < M A T L A B >
                  Copyright 1984-2006 The MathWorks, Inc.
                         Version 7.3.0.298 (R2006b)
                              August 03, 2006

 
  To get started, type one of these: helpwin, helpdesk, or demo.
  For product information, visit www.mathworks.com.
 
>> 
Initialization complete. Time required: 3.583637

Running on ...
Graph: /home/eecs/orecchia/yahoo/graphs/sea50k-dir/sea50k.a0.i0.eg2. Number of vertices: 50000. Number of edges: 316806.
Number of iterations: 100.
Stopping condition: 2 5 10
Learning rate: 100.000000.
Initialization: 10.000000.
Random generator seed: 0.000000.
Flow precision: 512.
Run rate: n.
Lower bound: n.
Number of maxflows: 5. Wrat: 0.019961. Iter 1. Exp: 434.000000 / 22316 = 0.019448
Number of maxflows: 2. Wrat: 0.019961. Iter 2. Exp: 434.000000 / 22316 = 0.019448
Number of maxflows: 2. Wrat: 0.019961. Iter 3. Exp: 434.000000 / 22316 = 0.019448

Best cut found: 434.000000 / 22316. Expansion: 0.019448.
Algorithm has completed. Time required: 175.249389
Number of maxflows: 2. Wrat: 0.019961. Iter 4. Exp: 434.000000 / 22316 = 0.019448
Number of maxflows: 2. Wrat: 0.019961. Iter 5. Exp: 434.000000 / 22316 = 0.019448
Number of maxflows: 2. Wrat: 0.019961. Iter 6. Exp: 434.000000 / 22316 = 0.019448

Best cut found: 434.000000 / 22316. Expansion: 0.019448.
Algorithm has completed. Time required: 239.950103
Number of maxflows: 2. Wrat: 0.019961. Iter 7. Exp: 434.000000 / 22316 = 0.019448
Number of maxflows: 2. Wrat: 0.019961. Iter 8. Exp: 434.000000 / 22316 = 0.019448
Number of maxflows: 2. Wrat: 0.019961. Iter 9. Exp: 434.000000 / 22316 = 0.019448
Number of maxflows: 2. Wrat: 0.019961. Iter 10. Exp: 434.000000 / 22316 = 0.019448
Number of maxflows: 2. Wrat: 0.019961. Iter 11. Exp: 434.000000 / 22316 = 0.019448

Best cut found: 434.000000 / 22316. Expansion: 0.019448.
Algorithm has completed. Time required: 339.124877

                              < M A T L A B >
                  Copyright 1984-2006 The MathWorks, Inc.
                         Version 7.3.0.298 (R2006b)
                              August 03, 2006

 
  To get started, type one of these: helpwin, helpdesk, or demo.
  For product information, visit www.mathworks.com.
 
>> 
Initialization complete. Time required: 3.598091

Running on ...
Graph: /home/eecs/orecchia/yahoo/graphs/sea50k-dir/sea50k.a0.i0.eg2. Number of vertices: 50000. Number of edges: 316806.
Number of iterations: 100.
Stopping condition: 2 5 10
Learning rate: 100.000000.
Initialization: 10.000000.
Random generator seed: 1.000000.
Flow precision: 512.
Run rate: n.
Lower bound: n.
Number of maxflows: 5. Wrat: 0.021585. Iter 1. Exp: 494.000000 / 22964 = 0.021512
Number of maxflows: 2. Wrat: 0.021585. Iter 2. Exp: 494.000000 / 22964 = 0.021512
Number of maxflows: 2. Wrat: 0.021585. Iter 3. Exp: 494.000000 / 22964 = 0.021512

Best cut found: 494.000000 / 22964. Expansion: 0.021512.
Algorithm has completed. Time required: 184.357866
Number of maxflows: 2. Wrat: 0.021585. Iter 4. Exp: 494.000000 / 22964 = 0.021512
Number of maxflows: 2. Wrat: 0.021585. Iter 5. Exp: 494.000000 / 22964 = 0.021512
Number of maxflows: 2. Wrat: 0.021585. Iter 6. Exp: 494.000000 / 22964 = 0.021512

Best cut found: 494.000000 / 22964. Expansion: 0.021512.
Algorithm has completed. Time required: 276.645120
Number of maxflows: 2. Wrat: 0.021585. Iter 7. Exp: 494.000000 / 22964 = 0.021512
Number of maxflows: 2. Wrat: 0.021585. Iter 8. Exp: 494.000000 / 22964 = 0.021512
Number of maxflows: 2. Wrat: 0.021585. Iter 9. Exp: 494.000000 / 22964 = 0.021512
Number of maxflows: 2. Wrat: 0.021585. Iter 10. Exp: 494.000000 / 22964 = 0.021512
Number of maxflows: 2. Wrat: 0.021585. Iter 11. Exp: 494.000000 / 22964 = 0.021512

Best cut found: 494.000000 / 22964. Expansion: 0.021512.
Algorithm has completed. Time required: 409.379627

                              < M A T L A B >
                  Copyright 1984-2006 The MathWorks, Inc.
                         Version 7.3.0.298 (R2006b)
                              August 03, 2006

 
  To get started, type one of these: helpwin, helpdesk, or demo.
  For product information, visit www.mathworks.com.
 
>> 
Initialization complete. Time required: 3.571131

Running on ...
Graph: /home/eecs/orecchia/yahoo/graphs/sea50k-dir/sea50k.a0.i0.eg2. Number of vertices: 50000. Number of edges: 316806.
Number of iterations: 100.
Stopping condition: 2 5 10
Learning rate: 100.000000.
Initialization: 10.000000.
Random generator seed: 2.000000.
Flow precision: 512.
Run rate: n.
Lower bound: n.
Number of maxflows: 5. Wrat: 0.025081. Iter 1. Exp: 487.000000 / 23783 = 0.020477
Number of maxflows: 3. Wrat: 0.023513. Iter 2. Exp: 487.000000 / 23783 = 0.020477
Number of maxflows: 2. Wrat: 0.023513. Iter 3. Exp: 487.000000 / 23783 = 0.020477
Number of maxflows: 2. Wrat: 0.023513. Iter 4. Exp: 487.000000 / 23783 = 0.020477

Best cut found: 487.000000 / 23783. Expansion: 0.020477.
Algorithm has completed. Time required: 242.285768
Number of maxflows: 3. Wrat: 0.022997. Iter 5. Exp: 487.000000 / 23783 = 0.020477
Number of maxflows: 2. Wrat: 0.022997. Iter 6. Exp: 487.000000 / 23783 = 0.020477
Number of maxflows: 3. Wrat: 0.022635. Iter 7. Exp: 487.000000 / 23783 = 0.020477
Number of maxflows: 2. Wrat: 0.022635. Iter 8. Exp: 487.000000 / 23783 = 0.020477
Number of maxflows: 2. Wrat: 0.022635. Iter 9. Exp: 487.000000 / 23783 = 0.020477
Number of maxflows: 2. Wrat: 0.022635. Iter 10. Exp: 487.000000 / 23783 = 0.020477
Number of maxflows: 3. Wrat: 0.022204. Iter 11. Exp: 457.000000 / 24734 = 0.018477
Number of maxflows: 2. Wrat: 0.022204. Iter 12. Exp: 457.000000 / 24734 = 0.018477
Number of maxflows: 2. Wrat: 0.022204. Iter 13. Exp: 457.000000 / 24734 = 0.018477
Number of maxflows: 2. Wrat: 0.022204. Iter 14. Exp: 457.000000 / 24734 = 0.018477
Number of maxflows: 2. Wrat: 0.022204. Iter 15. Exp: 457.000000 / 24734 = 0.018477
Number of maxflows: 3. Wrat: 0.020715. Iter 16. Exp: 457.000000 / 24734 = 0.018477
Number of maxflows: 2. Wrat: 0.020715. Iter 17. Exp: 457.000000 / 24734 = 0.018477
Number of maxflows: 2. Wrat: 0.020715. Iter 18. Exp: 457.000000 / 24734 = 0.018477
Number of maxflows: 2. Wrat: 0.020715. Iter 19. Exp: 457.000000 / 24734 = 0.018477
Number of maxflows: 2. Wrat: 0.020715. Iter 20. Exp: 457.000000 / 24734 = 0.018477
Number of maxflows: 2. Wrat: 0.020715. Iter 21. Exp: 457.000000 / 24734 = 0.018477

Best cut found: 457.000000 / 24734. Expansion: 0.018477.
Algorithm has completed. Time required: 704.723053
Number of maxflows: 2. Wrat: 0.020715. Iter 22. Exp: 457.000000 / 24734 = 0.018477
Number of maxflows: 2. Wrat: 0.020715. Iter 23. Exp: 457.000000 / 24734 = 0.018477
Number of maxflows: 2. Wrat: 0.020715. Iter 24. Exp: 457.000000 / 24734 = 0.018477
Number of maxflows: 2. Wrat: 0.020715. Iter 25. Exp: 457.000000 / 24734 = 0.018477
Number of maxflows: 3. Wrat: 0.019666. Iter 26. Exp: 457.000000 / 24734 = 0.018477
Number of maxflows: 2. Wrat: 0.019666. Iter 27. Exp: 457.000000 / 24734 = 0.018477
Number of maxflows: 2. Wrat: 0.019666. Iter 28. Exp: 457.000000 / 24734 = 0.018477
Number of maxflows: 2. Wrat: 0.019666. Iter 29. Exp: 457.000000 / 24734 = 0.018477
Number of maxflows: 2. Wrat: 0.019666. Iter 30. Exp: 457.000000 / 24734 = 0.018477
Number of maxflows: 2. Wrat: 0.019666. Iter 31. Exp: 457.000000 / 24734 = 0.018477
Number of maxflows: 2. Wrat: 0.019666. Iter 32. Exp: 457.000000 / 24734 = 0.018477
Number of maxflows: 2. Wrat: 0.019666. Iter 33. Exp: 457.000000 / 24734 = 0.018477
Number of maxflows: 2. Wrat: 0.019666. Iter 34. Exp: 457.000000 / 24734 = 0.018477
Number of maxflows: 2. Wrat: 0.019666. Iter 35. Exp: 457.000000 / 24734 = 0.018477
Number of maxflows: 2. Wrat: 0.019666. Iter 36. Exp: 457.000000 / 24734 = 0.018477

Best cut found: 457.000000 / 24734. Expansion: 0.018477.
Algorithm has completed. Time required: 1162.154261

                              < M A T L A B >
                  Copyright 1984-2006 The MathWorks, Inc.
                         Version 7.3.0.298 (R2006b)
                              August 03, 2006

 
  To get started, type one of these: helpwin, helpdesk, or demo.
  For product information, visit www.mathworks.com.
 
>> 
Initialization complete. Time required: 3.626008

Running on ...
Graph: /home/eecs/orecchia/yahoo/graphs/sea50k-dir/sea50k.a0.i0.eg2. Number of vertices: 50000. Number of edges: 316806.
Number of iterations: 100.
Stopping condition: 2 5 10
Learning rate: 100.000000.
Initialization: 10.000000.
Random generator seed: 3.000000.
Flow precision: 512.
Run rate: n.
Lower bound: n.
Number of maxflows: 5. Wrat: 0.020357. Iter 1. Exp: 466.000000 / 24099 = 0.019337
Number of maxflows: 2. Wrat: 0.020357. Iter 2. Exp: 466.000000 / 24099 = 0.019337
Number of maxflows: 2. Wrat: 0.020357. Iter 3. Exp: 466.000000 / 24099 = 0.019337

Best cut found: 466.000000 / 24099. Expansion: 0.019337.
Algorithm has completed. Time required: 197.871788
Number of maxflows: 2. Wrat: 0.020357. Iter 4. Exp: 466.000000 / 24099 = 0.019337
Number of maxflows: 2. Wrat: 0.020357. Iter 5. Exp: 466.000000 / 24099 = 0.019337
Number of maxflows: 2. Wrat: 0.020357. Iter 6. Exp: 466.000000 / 24099 = 0.019337

Best cut found: 466.000000 / 24099. Expansion: 0.019337.
Algorithm has completed. Time required: 298.072199
Number of maxflows: 2. Wrat: 0.020357. Iter 7. Exp: 466.000000 / 24099 = 0.019337
Number of maxflows: 2. Wrat: 0.020357. Iter 8. Exp: 466.000000 / 24099 = 0.019337
Number of maxflows: 2. Wrat: 0.020357. Iter 9. Exp: 466.000000 / 24099 = 0.019337
Number of maxflows: 2. Wrat: 0.020357. Iter 10. Exp: 466.000000 / 24099 = 0.019337
Number of maxflows: 2. Wrat: 0.020357. Iter 11. Exp: 466.000000 / 24099 = 0.019337

Best cut found: 466.000000 / 24099. Expansion: 0.019337.
Algorithm has completed. Time required: 453.317345

                              < M A T L A B >
                  Copyright 1984-2006 The MathWorks, Inc.
                         Version 7.3.0.298 (R2006b)
                              August 03, 2006

 
  To get started, type one of these: helpwin, helpdesk, or demo.
  For product information, visit www.mathworks.com.
 
>> 
Initialization complete. Time required: 3.424534

Running on ...
Graph: /home/eecs/orecchia/yahoo/graphs/sea50k-dir/sea50k.a0.i0.eg2. Number of vertices: 50000. Number of edges: 316806.
Number of iterations: 100.
Stopping condition: 2 5 10
Learning rate: 100.000000.
Initialization: 10.000000.
Random generator seed: 4.000000.
Flow precision: 512.
Run rate: n.
Lower bound: n.
Number of maxflows: 6. Wrat: 0.034079. Iter 1. Exp: 453.000000 / 13407 = 0.033788
Number of maxflows: 4. Wrat: 0.024938. Iter 2. Exp: 506.000000 / 20556 = 0.024616
Number of maxflows: 3. Wrat: 0.021372. Iter 3. Exp: 479.000000 / 22476 = 0.021312
Number of maxflows: 2. Wrat: 0.021372. Iter 4. Exp: 479.000000 / 22476 = 0.021312
Number of maxflows: 2. Wrat: 0.021372. Iter 5. Exp: 479.000000 / 22476 = 0.021312

Best cut found: 479.000000 / 22476. Expansion: 0.021312.
Algorithm has completed. Time required: 281.036775
Number of maxflows: 2. Wrat: 0.021372. Iter 6. Exp: 479.000000 / 22476 = 0.021312
Number of maxflows: 2. Wrat: 0.021372. Iter 7. Exp: 479.000000 / 22476 = 0.021312
Number of maxflows: 2. Wrat: 0.021372. Iter 8. Exp: 479.000000 / 22476 = 0.021312

Best cut found: 479.000000 / 22476. Expansion: 0.021312.
Algorithm has completed. Time required: 375.390047
Number of maxflows: 2. Wrat: 0.021372. Iter 9. Exp: 479.000000 / 22476 = 0.021312
Number of maxflows: 2. Wrat: 0.021372. Iter 10. Exp: 479.000000 / 22476 = 0.021312
Number of maxflows: 2. Wrat: 0.021372. Iter 11. Exp: 479.000000 / 22476 = 0.021312
Number of maxflows: 2. Wrat: 0.021372. Iter 12. Exp: 479.000000 / 22476 = 0.021312
Number of maxflows: 2. Wrat: 0.021372. Iter 13. Exp: 479.000000 / 22476 = 0.021312

Best cut found: 479.000000 / 22476. Expansion: 0.021312.
Algorithm has completed. Time required: 526.915409

                              < M A T L A B >
                  Copyright 1984-2006 The MathWorks, Inc.
                         Version 7.3.0.298 (R2006b)
                              August 03, 2006

 
  To get started, type one of these: helpwin, helpdesk, or demo.
  For product information, visit www.mathworks.com.
 
>> 
Initialization complete. Time required: 3.470446

Running on ...
Graph: /home/eecs/orecchia/yahoo/graphs/sea50k-dir/sea50k.a0.i0.eg2. Number of vertices: 50000. Number of edges: 316806.
Number of iterations: 100.
Stopping condition: 2 5 10
Learning rate: 100.000000.
Initialization: 10.000000.
Random generator seed: 5.000000.
Flow precision: 512.
Run rate: n.
Lower bound: n.
Number of maxflows: 4. Wrat: 0.022874. Iter 1. Exp: 532.000000 / 24096 = 0.022078
Number of maxflows: 3. Wrat: 0.020059. Iter 2. Exp: 434.000000 / 22316 = 0.019448
Number of maxflows: 2. Wrat: 0.020059. Iter 3. Exp: 434.000000 / 22316 = 0.019448
Number of maxflows: 2. Wrat: 0.020059. Iter 4. Exp: 434.000000 / 22316 = 0.019448

Best cut found: 434.000000 / 22316. Expansion: 0.019448.
Algorithm has completed. Time required: 209.530893
Number of maxflows: 2. Wrat: 0.020059. Iter 5. Exp: 434.000000 / 22316 = 0.019448
Number of maxflows: 2. Wrat: 0.020059. Iter 6. Exp: 434.000000 / 22316 = 0.019448
Number of maxflows: 2. Wrat: 0.020059. Iter 7. Exp: 434.000000 / 22316 = 0.019448

Best cut found: 434.000000 / 22316. Expansion: 0.019448.
Algorithm has completed. Time required: 289.939801
Number of maxflows: 2. Wrat: 0.020059. Iter 8. Exp: 434.000000 / 22316 = 0.019448
Number of maxflows: 2. Wrat: 0.020059. Iter 9. Exp: 434.000000 / 22316 = 0.019448
Number of maxflows: 2. Wrat: 0.020059. Iter 10. Exp: 434.000000 / 22316 = 0.019448
Number of maxflows: 2. Wrat: 0.020059. Iter 11. Exp: 434.000000 / 22316 = 0.019448
Number of maxflows: 2. Wrat: 0.020059. Iter 12. Exp: 434.000000 / 22316 = 0.019448

Best cut found: 434.000000 / 22316. Expansion: 0.019448.
Algorithm has completed. Time required: 416.479742

                              < M A T L A B >
                  Copyright 1984-2006 The MathWorks, Inc.
                         Version 7.3.0.298 (R2006b)
                              August 03, 2006

 
  To get started, type one of these: helpwin, helpdesk, or demo.
  For product information, visit www.mathworks.com.
 
>> 
Initialization complete. Time required: 3.505582

Running on ...
Graph: /home/eecs/orecchia/yahoo/graphs/sea50k-dir/sea50k.a0.i0.eg2. Number of vertices: 50000. Number of edges: 316806.
Number of iterations: 100.
Stopping condition: 2 5 10
Learning rate: 100.000000.
Initialization: 10.000000.
Random generator seed: 6.000000.
Flow precision: 512.
Run rate: n.
Lower bound: n.
Number of maxflows: 5. Wrat: 0.021242. Iter 1. Exp: 500.000000 / 23876 = 0.020942
Number of maxflows: 2. Wrat: 0.021242. Iter 2. Exp: 500.000000 / 23876 = 0.020942
Number of maxflows: 2. Wrat: 0.021242. Iter 3. Exp: 500.000000 / 23876 = 0.020942

Best cut found: 500.000000 / 23876. Expansion: 0.020942.
Algorithm has completed. Time required: 177.581633
Number of maxflows: 2. Wrat: 0.021242. Iter 4. Exp: 500.000000 / 23876 = 0.020942
Number of maxflows: 2. Wrat: 0.021242. Iter 5. Exp: 500.000000 / 23876 = 0.020942
Number of maxflows: 3. Wrat: 0.020659. Iter 6. Exp: 489.000000 / 23950 = 0.020418
Number of maxflows: 2. Wrat: 0.020659. Iter 7. Exp: 489.000000 / 23950 = 0.020418
Number of maxflows: 2. Wrat: 0.020659. Iter 8. Exp: 489.000000 / 23950 = 0.020418
Number of maxflows: 2. Wrat: 0.020659. Iter 9. Exp: 489.000000 / 23950 = 0.020418
Number of maxflows: 2. Wrat: 0.020659. Iter 10. Exp: 489.000000 / 23950 = 0.020418
Number of maxflows: 2. Wrat: 0.020659. Iter 11. Exp: 489.000000 / 23950 = 0.020418

Best cut found: 489.000000 / 23950. Expansion: 0.020418.
Algorithm has completed. Time required: 384.006553
Number of maxflows: 2. Wrat: 0.020659. Iter 12. Exp: 489.000000 / 23950 = 0.020418
Number of maxflows: 2. Wrat: 0.020659. Iter 13. Exp: 489.000000 / 23950 = 0.020418
Number of maxflows: 2. Wrat: 0.020659. Iter 14. Exp: 489.000000 / 23950 = 0.020418
Number of maxflows: 2. Wrat: 0.020659. Iter 15. Exp: 489.000000 / 23950 = 0.020418
Number of maxflows: 2. Wrat: 0.020659. Iter 16. Exp: 489.000000 / 23950 = 0.020418

Best cut found: 489.000000 / 23950. Expansion: 0.020418.
Algorithm has completed. Time required: 504.521429

                              < M A T L A B >
                  Copyright 1984-2006 The MathWorks, Inc.
                         Version 7.3.0.298 (R2006b)
                              August 03, 2006

 
  To get started, type one of these: helpwin, helpdesk, or demo.
  For product information, visit www.mathworks.com.
 
>> 
Initialization complete. Time required: 3.408147

Running on ...
Graph: /home/eecs/orecchia/yahoo/graphs/sea50k-dir/sea50k.a0.i0.eg2. Number of vertices: 50000. Number of edges: 316806.
Number of iterations: 100.
Stopping condition: 2 5 10
Learning rate: 100.000000.
Initialization: 10.000000.
Random generator seed: 7.000000.
Flow precision: 512.
Run rate: n.
Lower bound: n.
Number of maxflows: 5. Wrat: 0.022307. Iter 1. Exp: 498.000000 / 24757 = 0.020116
Number of maxflows: 4. Wrat: 0.020233. Iter 2. Exp: 434.000000 / 22316 = 0.019448
Number of maxflows: 2. Wrat: 0.020233. Iter 3. Exp: 434.000000 / 22316 = 0.019448
Number of maxflows: 2. Wrat: 0.020233. Iter 4. Exp: 434.000000 / 22316 = 0.019448

Best cut found: 434.000000 / 22316. Expansion: 0.019448.
Algorithm has completed. Time required: 214.898082
Number of maxflows: 2. Wrat: 0.020233. Iter 5. Exp: 434.000000 / 22316 = 0.019448
Number of maxflows: 2. Wrat: 0.020233. Iter 6. Exp: 434.000000 / 22316 = 0.019448
Number of maxflows: 2. Wrat: 0.020233. Iter 7. Exp: 434.000000 / 22316 = 0.019448

Best cut found: 434.000000 / 22316. Expansion: 0.019448.
Algorithm has completed. Time required: 299.515514
Number of maxflows: 2. Wrat: 0.020233. Iter 8. Exp: 434.000000 / 22316 = 0.019448
Number of maxflows: 2. Wrat: 0.020233. Iter 9. Exp: 434.000000 / 22316 = 0.019448
Number of maxflows: 2. Wrat: 0.020233. Iter 10. Exp: 434.000000 / 22316 = 0.019448
Number of maxflows: 2. Wrat: 0.020233. Iter 11. Exp: 434.000000 / 22316 = 0.019448
Number of maxflows: 2. Wrat: 0.020233. Iter 12. Exp: 434.000000 / 22316 = 0.019448

Best cut found: 434.000000 / 22316. Expansion: 0.019448.
Algorithm has completed. Time required: 427.476642

                              < M A T L A B >
                  Copyright 1984-2006 The MathWorks, Inc.
                         Version 7.3.0.298 (R2006b)
                              August 03, 2006

 
  To get started, type one of these: helpwin, helpdesk, or demo.
  For product information, visit www.mathworks.com.
 
>> 
Initialization complete. Time required: 3.426217

Running on ...
Graph: /home/eecs/orecchia/yahoo/graphs/sea50k-dir/sea50k.a0.i0.eg2. Number of vertices: 50000. Number of edges: 316806.
Number of iterations: 100.
Stopping condition: 2 5 10
Learning rate: 100.000000.
Initialization: 10.000000.
Random generator seed: 8.000000.
Flow precision: 512.
Run rate: n.
Lower bound: n.
Number of maxflows: 5. Wrat: 0.022186. Iter 1. Exp: 498.000000 / 24757 = 0.020116
Number of maxflows: 4. Wrat: 0.020033. Iter 2. Exp: 434.000000 / 22316 = 0.019448
Number of maxflows: 2. Wrat: 0.020033. Iter 3. Exp: 434.000000 / 22316 = 0.019448
Number of maxflows: 2. Wrat: 0.020033. Iter 4. Exp: 434.000000 / 22316 = 0.019448

Best cut found: 434.000000 / 22316. Expansion: 0.019448.
Algorithm has completed. Time required: 211.839473
Number of maxflows: 2. Wrat: 0.020033. Iter 5. Exp: 434.000000 / 22316 = 0.019448
Number of maxflows: 2. Wrat: 0.020033. Iter 6. Exp: 434.000000 / 22316 = 0.019448
Number of maxflows: 2. Wrat: 0.020033. Iter 7. Exp: 434.000000 / 22316 = 0.019448

Best cut found: 434.000000 / 22316. Expansion: 0.019448.
Algorithm has completed. Time required: 291.381772
Number of maxflows: 2. Wrat: 0.020033. Iter 8. Exp: 434.000000 / 22316 = 0.019448
Number of maxflows: 2. Wrat: 0.020033. Iter 9. Exp: 434.000000 / 22316 = 0.019448
Number of maxflows: 2. Wrat: 0.020033. Iter 10. Exp: 434.000000 / 22316 = 0.019448
Number of maxflows: 3. Wrat: 0.019598. Iter 11. Exp: 434.000000 / 22323 = 0.019442
Number of maxflows: 2. Wrat: 0.019598. Iter 12. Exp: 434.000000 / 22323 = 0.019442
Number of maxflows: 2. Wrat: 0.019598. Iter 13. Exp: 434.000000 / 22323 = 0.019442
Number of maxflows: 2. Wrat: 0.019598. Iter 14. Exp: 434.000000 / 22323 = 0.019442
Number of maxflows: 2. Wrat: 0.019598. Iter 15. Exp: 434.000000 / 22323 = 0.019442
Number of maxflows: 2. Wrat: 0.019598. Iter 16. Exp: 434.000000 / 22323 = 0.019442
Number of maxflows: 2. Wrat: 0.019598. Iter 17. Exp: 434.000000 / 22323 = 0.019442
Number of maxflows: 2. Wrat: 0.019598. Iter 18. Exp: 434.000000 / 22323 = 0.019442
Number of maxflows: 2. Wrat: 0.019598. Iter 19. Exp: 434.000000 / 22323 = 0.019442
Number of maxflows: 2. Wrat: 0.019598. Iter 20. Exp: 434.000000 / 22323 = 0.019442
Number of maxflows: 2. Wrat: 0.019598. Iter 21. Exp: 434.000000 / 22323 = 0.019442

Best cut found: 434.000000 / 22323. Expansion: 0.019442.
Algorithm has completed. Time required: 722.264379

                              < M A T L A B >
                  Copyright 1984-2006 The MathWorks, Inc.
                         Version 7.3.0.298 (R2006b)
                              August 03, 2006

 
  To get started, type one of these: helpwin, helpdesk, or demo.
  For product information, visit www.mathworks.com.
 
>> 
Initialization complete. Time required: 3.458830

Running on ...
Graph: /home/eecs/orecchia/yahoo/graphs/sea50k-dir/sea50k.a0.i0.eg2. Number of vertices: 50000. Number of edges: 316806.
Number of iterations: 100.
Stopping condition: 2 5 10
Learning rate: 100.000000.
Initialization: 10.000000.
Random generator seed: 9.000000.
Flow precision: 512.
Run rate: n.
Lower bound: n.
Number of maxflows: 5. Wrat: 0.021142. Iter 1. Exp: 480.000000 / 24844 = 0.019321
Number of maxflows: 3. Wrat: 0.020644. Iter 2. Exp: 453.000000 / 24935 = 0.018167
Number of maxflows: 2. Wrat: 0.020644. Iter 3. Exp: 453.000000 / 24935 = 0.018167
Number of maxflows: 2. Wrat: 0.020644. Iter 4. Exp: 453.000000 / 24935 = 0.018167

Best cut found: 453.000000 / 24935. Expansion: 0.018167.
Algorithm has completed. Time required: 211.363651
Number of maxflows: 2. Wrat: 0.020644. Iter 5. Exp: 453.000000 / 24935 = 0.018167
Number of maxflows: 2. Wrat: 0.020644. Iter 6. Exp: 453.000000 / 24935 = 0.018167
Number of maxflows: 2. Wrat: 0.020644. Iter 7. Exp: 453.000000 / 24935 = 0.018167

Best cut found: 453.000000 / 24935. Expansion: 0.018167.
Algorithm has completed. Time required: 311.685964
Number of maxflows: 2. Wrat: 0.020644. Iter 8. Exp: 453.000000 / 24935 = 0.018167
Number of maxflows: 2. Wrat: 0.020644. Iter 9. Exp: 453.000000 / 24935 = 0.018167
Number of maxflows: 2. Wrat: 0.020644. Iter 10. Exp: 453.000000 / 24935 = 0.018167
Number of maxflows: 2. Wrat: 0.020644. Iter 11. Exp: 453.000000 / 24935 = 0.018167
Number of maxflows: 2. Wrat: 0.020644. Iter 12. Exp: 453.000000 / 24935 = 0.018167

Best cut found: 453.000000 / 24935. Expansion: 0.018167.
Algorithm has completed. Time required: 462.740034
