
                              < M A T L A B >
                  Copyright 1984-2006 The MathWorks, Inc.
                         Version 7.3.0.298 (R2006b)
                              August 03, 2006

 
  To get started, type one of these: helpwin, helpdesk, or demo.
  For product information, visit www.mathworks.com.
 
>> 
Initialization complete. Time required: 4.203116

Running on ...
Graph: /home/eecs/orecchia/yahoo/graphs/sea50k-dir/sea50k.a0.i0.eg2. Number of vertices: 50000. Number of edges: 316806.
Number of iterations: 100.
Stopping condition: 2 5 10
Learning rate: 10.000000.
Initialization: 10.000000.
Random generator seed: 0.000000.
Flow precision: 512.
Run rate: n.
Lower bound: n.
Number of maxflows: 6. Wrat: 0.038163. Iter 1. Exp: 462.000000 / 15722 = 0.029386
Number of maxflows: 3. Wrat: 0.028749. Iter 2. Exp: 499.000000 / 18737 = 0.026632
Number of maxflows: 3. Wrat: 0.021123. Iter 3. Exp: 491.000000 / 23745 = 0.020678
Number of maxflows: 2. Wrat: 0.021123. Iter 4. Exp: 491.000000 / 23745 = 0.020678
Number of maxflows: 2. Wrat: 0.021123. Iter 5. Exp: 491.000000 / 23745 = 0.020678

Best cut found: 491.000000 / 23745. Expansion: 0.020678.
Algorithm has completed. Time required: 189.838280
Number of maxflows: 2. Wrat: 0.021123. Iter 6. Exp: 491.000000 / 23745 = 0.020678
Number of maxflows: 2. Wrat: 0.021123. Iter 7. Exp: 491.000000 / 23745 = 0.020678
Number of maxflows: 2. Wrat: 0.021123. Iter 8. Exp: 491.000000 / 23745 = 0.020678

Best cut found: 491.000000 / 23745. Expansion: 0.020678.
Algorithm has completed. Time required: 296.764280
Number of maxflows: 2. Wrat: 0.021123. Iter 9. Exp: 491.000000 / 23745 = 0.020678
Number of maxflows: 2. Wrat: 0.021123. Iter 10. Exp: 491.000000 / 23745 = 0.020678
Number of maxflows: 2. Wrat: 0.021123. Iter 11. Exp: 491.000000 / 23745 = 0.020678
Number of maxflows: 2. Wrat: 0.021123. Iter 12. Exp: 491.000000 / 23745 = 0.020678
Number of maxflows: 2. Wrat: 0.021123. Iter 13. Exp: 491.000000 / 23745 = 0.020678

Best cut found: 491.000000 / 23745. Expansion: 0.020678.
Algorithm has completed. Time required: 474.387510

                              < M A T L A B >
                  Copyright 1984-2006 The MathWorks, Inc.
                         Version 7.3.0.298 (R2006b)
                              August 03, 2006

 
  To get started, type one of these: helpwin, helpdesk, or demo.
  For product information, visit www.mathworks.com.
 
>> 
Initialization complete. Time required: 4.266951

Running on ...
Graph: /home/eecs/orecchia/yahoo/graphs/sea50k-dir/sea50k.a0.i0.eg2. Number of vertices: 50000. Number of edges: 316806.
Number of iterations: 100.
Stopping condition: 2 5 10
Learning rate: 10.000000.
Initialization: 10.000000.
Random generator seed: 1.000000.
Flow precision: 512.
Run rate: n.
Lower bound: n.
Number of maxflows: 6. Wrat: 0.035547. Iter 1. Exp: 514.000000 / 18074 = 0.028439
Number of maxflows: 4. Wrat: 0.029479. Iter 2. Exp: 556.000000 / 19593 = 0.028377
Number of maxflows: 4. Wrat: 0.021856. Iter 3. Exp: 502.000000 / 23782 = 0.021108
Number of maxflows: 2. Wrat: 0.021856. Iter 4. Exp: 502.000000 / 23782 = 0.021108
Number of maxflows: 2. Wrat: 0.021856. Iter 5. Exp: 502.000000 / 23782 = 0.021108

Best cut found: 502.000000 / 23782. Expansion: 0.021108.
Algorithm has completed. Time required: 188.286101
Number of maxflows: 2. Wrat: 0.021856. Iter 6. Exp: 502.000000 / 23782 = 0.021108
Number of maxflows: 2. Wrat: 0.021856. Iter 7. Exp: 502.000000 / 23782 = 0.021108
Number of maxflows: 2. Wrat: 0.021856. Iter 8. Exp: 502.000000 / 23782 = 0.021108

Best cut found: 502.000000 / 23782. Expansion: 0.021108.
Algorithm has completed. Time required: 276.978533
Number of maxflows: 2. Wrat: 0.021856. Iter 9. Exp: 502.000000 / 23782 = 0.021108
Number of maxflows: 2. Wrat: 0.021856. Iter 10. Exp: 502.000000 / 23782 = 0.021108
Number of maxflows: 2. Wrat: 0.021856. Iter 11. Exp: 502.000000 / 23782 = 0.021108
Number of maxflows: 2. Wrat: 0.021856. Iter 12. Exp: 502.000000 / 23782 = 0.021108
Number of maxflows: 2. Wrat: 0.021856. Iter 13. Exp: 502.000000 / 23782 = 0.021108

Best cut found: 502.000000 / 23782. Expansion: 0.021108.
Algorithm has completed. Time required: 424.670278

                              < M A T L A B >
                  Copyright 1984-2006 The MathWorks, Inc.
                         Version 7.3.0.298 (R2006b)
                              August 03, 2006

 
  To get started, type one of these: helpwin, helpdesk, or demo.
  For product information, visit www.mathworks.com.
 
>> 
Initialization complete. Time required: 5.463266

Running on ...
Graph: /home/eecs/orecchia/yahoo/graphs/sea50k-dir/sea50k.a0.i0.eg2. Number of vertices: 50000. Number of edges: 316806.
Number of iterations: 100.
Stopping condition: 2 5 10
Learning rate: 10.000000.
Initialization: 10.000000.
Random generator seed: 2.000000.
Flow precision: 512.
Run rate: n.
Lower bound: n.
Number of maxflows: 6. Wrat: 0.040701. Iter 1. Exp: 353.000000 / 8937 = 0.039499
Number of maxflows: 3. Wrat: 0.028890. Iter 2. Exp: 430.000000 / 16306 = 0.026371
Number of maxflows: 4. Wrat: 0.023292. Iter 3. Exp: 454.000000 / 20976 = 0.021644
Number of maxflows: 3. Wrat: 0.021218. Iter 4. Exp: 483.000000 / 24068 = 0.020068
Number of maxflows: 2. Wrat: 0.021218. Iter 5. Exp: 483.000000 / 24068 = 0.020068
Number of maxflows: 2. Wrat: 0.021218. Iter 6. Exp: 483.000000 / 24068 = 0.020068

Best cut found: 483.000000 / 24068. Expansion: 0.020068.
Algorithm has completed. Time required: 185.127420
Number of maxflows: 2. Wrat: 0.021218. Iter 7. Exp: 483.000000 / 24068 = 0.020068
Number of maxflows: 2. Wrat: 0.021218. Iter 8. Exp: 483.000000 / 24068 = 0.020068
Number of maxflows: 2. Wrat: 0.021218. Iter 9. Exp: 483.000000 / 24068 = 0.020068

Best cut found: 483.000000 / 24068. Expansion: 0.020068.
Algorithm has completed. Time required: 252.738481
Number of maxflows: 2. Wrat: 0.021218. Iter 10. Exp: 483.000000 / 24068 = 0.020068
Number of maxflows: 2. Wrat: 0.021218. Iter 11. Exp: 483.000000 / 24068 = 0.020068
Number of maxflows: 2. Wrat: 0.021218. Iter 12. Exp: 483.000000 / 24068 = 0.020068
Number of maxflows: 2. Wrat: 0.021218. Iter 13. Exp: 483.000000 / 24068 = 0.020068
Number of maxflows: 3. Wrat: 0.019675. Iter 14. Exp: 434.000000 / 22307 = 0.019456
Number of maxflows: 2. Wrat: 0.019675. Iter 15. Exp: 434.000000 / 22307 = 0.019456
Number of maxflows: 3. Wrat: 0.019503. Iter 16. Exp: 434.000000 / 22323 = 0.019442
Number of maxflows: 2. Wrat: 0.019503. Iter 17. Exp: 434.000000 / 22323 = 0.019442
Number of maxflows: 2. Wrat: 0.019503. Iter 18. Exp: 434.000000 / 22323 = 0.019442
Number of maxflows: 2. Wrat: 0.019503. Iter 19. Exp: 434.000000 / 22323 = 0.019442
Number of maxflows: 2. Wrat: 0.019503. Iter 20. Exp: 434.000000 / 22323 = 0.019442
Number of maxflows: 2. Wrat: 0.019503. Iter 21. Exp: 434.000000 / 22323 = 0.019442
Number of maxflows: 2. Wrat: 0.019503. Iter 22. Exp: 434.000000 / 22323 = 0.019442
Number of maxflows: 2. Wrat: 0.019503. Iter 23. Exp: 434.000000 / 22323 = 0.019442
Number of maxflows: 2. Wrat: 0.019503. Iter 24. Exp: 434.000000 / 22323 = 0.019442
Number of maxflows: 2. Wrat: 0.019503. Iter 25. Exp: 434.000000 / 22323 = 0.019442
Number of maxflows: 2. Wrat: 0.019503. Iter 26. Exp: 434.000000 / 22323 = 0.019442

Best cut found: 434.000000 / 22323. Expansion: 0.019442.
Algorithm has completed. Time required: 677.827834

                              < M A T L A B >
                  Copyright 1984-2006 The MathWorks, Inc.
                         Version 7.3.0.298 (R2006b)
                              August 03, 2006

 
  To get started, type one of these: helpwin, helpdesk, or demo.
  For product information, visit www.mathworks.com.
 
>> 
Initialization complete. Time required: 4.614189

Running on ...
Graph: /home/eecs/orecchia/yahoo/graphs/sea50k-dir/sea50k.a0.i0.eg2. Number of vertices: 50000. Number of edges: 316806.
Number of iterations: 100.
Stopping condition: 2 5 10
Learning rate: 10.000000.
Initialization: 10.000000.
Random generator seed: 3.000000.
Flow precision: 512.
Run rate: n.
Lower bound: n.
Number of maxflows: 6. Wrat: 0.029902. Iter 1. Exp: 492.000000 / 22646 = 0.021726
Number of maxflows: 3. Wrat: 0.021204. Iter 2. Exp: 473.000000 / 22675 = 0.020860
Number of maxflows: 2. Wrat: 0.021204. Iter 3. Exp: 473.000000 / 22675 = 0.020860
Number of maxflows: 2. Wrat: 0.021204. Iter 4. Exp: 473.000000 / 22675 = 0.020860

Best cut found: 473.000000 / 22675. Expansion: 0.020860.
Algorithm has completed. Time required: 161.643644
Number of maxflows: 2. Wrat: 0.021204. Iter 5. Exp: 473.000000 / 22675 = 0.020860
Number of maxflows: 2. Wrat: 0.021204. Iter 6. Exp: 473.000000 / 22675 = 0.020860
Number of maxflows: 2. Wrat: 0.021204. Iter 7. Exp: 473.000000 / 22675 = 0.020860

Best cut found: 473.000000 / 22675. Expansion: 0.020860.
Algorithm has completed. Time required: 276.713027
Number of maxflows: 2. Wrat: 0.021204. Iter 8. Exp: 473.000000 / 22675 = 0.020860
Number of maxflows: 2. Wrat: 0.021204. Iter 9. Exp: 473.000000 / 22675 = 0.020860
Number of maxflows: 2. Wrat: 0.021204. Iter 10. Exp: 473.000000 / 22675 = 0.020860
Number of maxflows: 2. Wrat: 0.021204. Iter 11. Exp: 473.000000 / 22675 = 0.020860
Number of maxflows: 2. Wrat: 0.021204. Iter 12. Exp: 473.000000 / 22675 = 0.020860

Best cut found: 473.000000 / 22675. Expansion: 0.020860.
Algorithm has completed. Time required: 451.946840

                              < M A T L A B >
                  Copyright 1984-2006 The MathWorks, Inc.
                         Version 7.3.0.298 (R2006b)
                              August 03, 2006

 
  To get started, type one of these: helpwin, helpdesk, or demo.
  For product information, visit www.mathworks.com.
 
>> 
Initialization complete. Time required: 4.242611

Running on ...
Graph: /home/eecs/orecchia/yahoo/graphs/sea50k-dir/sea50k.a0.i0.eg2. Number of vertices: 50000. Number of edges: 316806.
Number of iterations: 100.
Stopping condition: 2 5 10
Learning rate: 10.000000.
Initialization: 10.000000.
Random generator seed: 4.000000.
Flow precision: 512.
Run rate: n.
Lower bound: n.
Number of maxflows: 5. Wrat: 0.046752. Iter 1. Exp: 462.000000 / 10278 = 0.044950
Number of maxflows: 4. Wrat: 0.023449. Iter 2. Exp: 475.000000 / 23039 = 0.020617
Number of maxflows: 3. Wrat: 0.022922. Iter 3. Exp: 475.000000 / 23039 = 0.020617
Number of maxflows: 2. Wrat: 0.022922. Iter 4. Exp: 475.000000 / 23039 = 0.020617
Number of maxflows: 2. Wrat: 0.022922. Iter 5. Exp: 475.000000 / 23039 = 0.020617

Best cut found: 475.000000 / 23039. Expansion: 0.020617.
Algorithm has completed. Time required: 169.335927
Number of maxflows: 2. Wrat: 0.022922. Iter 6. Exp: 475.000000 / 23039 = 0.020617
Number of maxflows: 2. Wrat: 0.022922. Iter 7. Exp: 475.000000 / 23039 = 0.020617
Number of maxflows: 3. Wrat: 0.022364. Iter 8. Exp: 478.000000 / 23580 = 0.020271
Number of maxflows: 2. Wrat: 0.022364. Iter 9. Exp: 478.000000 / 23580 = 0.020271
Number of maxflows: 2. Wrat: 0.022364. Iter 10. Exp: 478.000000 / 23580 = 0.020271
Number of maxflows: 2. Wrat: 0.022364. Iter 11. Exp: 478.000000 / 23580 = 0.020271
Number of maxflows: 2. Wrat: 0.022364. Iter 12. Exp: 478.000000 / 23580 = 0.020271
Number of maxflows: 2. Wrat: 0.022364. Iter 13. Exp: 478.000000 / 23580 = 0.020271

Best cut found: 478.000000 / 23580. Expansion: 0.020271.
Algorithm has completed. Time required: 403.179610
Number of maxflows: 2. Wrat: 0.022364. Iter 14. Exp: 478.000000 / 23580 = 0.020271
Number of maxflows: 2. Wrat: 0.022364. Iter 15. Exp: 478.000000 / 23580 = 0.020271
Number of maxflows: 2. Wrat: 0.022364. Iter 16. Exp: 478.000000 / 23580 = 0.020271
Number of maxflows: 2. Wrat: 0.022364. Iter 17. Exp: 478.000000 / 23580 = 0.020271
Number of maxflows: 2. Wrat: 0.022364. Iter 18. Exp: 478.000000 / 23580 = 0.020271

Best cut found: 478.000000 / 23580. Expansion: 0.020271.
Algorithm has completed. Time required: 551.055601

                              < M A T L A B >
                  Copyright 1984-2006 The MathWorks, Inc.
                         Version 7.3.0.298 (R2006b)
                              August 03, 2006

 
  To get started, type one of these: helpwin, helpdesk, or demo.
  For product information, visit www.mathworks.com.
 
>> 
Initialization complete. Time required: 4.234687

Running on ...
Graph: /home/eecs/orecchia/yahoo/graphs/sea50k-dir/sea50k.a0.i0.eg2. Number of vertices: 50000. Number of edges: 316806.
Number of iterations: 100.
Stopping condition: 2 5 10
Learning rate: 10.000000.
Initialization: 10.000000.
Random generator seed: 5.000000.
Flow precision: 512.
Run rate: n.
Lower bound: n.
Number of maxflows: 6. Wrat: 0.040388. Iter 1. Exp: 333.000000 / 8253 = 0.040349
Number of maxflows: 4. Wrat: 0.021063. Iter 2. Exp: 482.000000 / 23206 = 0.020770
Number of maxflows: 2. Wrat: 0.021063. Iter 3. Exp: 482.000000 / 23206 = 0.020770
Number of maxflows: 2. Wrat: 0.021063. Iter 4. Exp: 482.000000 / 23206 = 0.020770

Best cut found: 482.000000 / 23206. Expansion: 0.020770.
Algorithm has completed. Time required: 145.794670
Number of maxflows: 2. Wrat: 0.021063. Iter 5. Exp: 482.000000 / 23206 = 0.020770
Number of maxflows: 2. Wrat: 0.021063. Iter 6. Exp: 482.000000 / 23206 = 0.020770
Number of maxflows: 2. Wrat: 0.021063. Iter 7. Exp: 482.000000 / 23206 = 0.020770

Best cut found: 482.000000 / 23206. Expansion: 0.020770.
Algorithm has completed. Time required: 235.767951
Number of maxflows: 3. Wrat: 0.020826. Iter 8. Exp: 483.000000 / 24000 = 0.020125
Number of maxflows: 2. Wrat: 0.020826. Iter 9. Exp: 483.000000 / 24000 = 0.020125
Number of maxflows: 2. Wrat: 0.020826. Iter 10. Exp: 483.000000 / 24000 = 0.020125
Number of maxflows: 2. Wrat: 0.020826. Iter 11. Exp: 483.000000 / 24000 = 0.020125
Number of maxflows: 2. Wrat: 0.020826. Iter 12. Exp: 483.000000 / 24000 = 0.020125
Number of maxflows: 2. Wrat: 0.020826. Iter 13. Exp: 483.000000 / 24000 = 0.020125
Number of maxflows: 2. Wrat: 0.020826. Iter 14. Exp: 483.000000 / 24000 = 0.020125
Number of maxflows: 2. Wrat: 0.020826. Iter 15. Exp: 483.000000 / 24000 = 0.020125
Number of maxflows: 2. Wrat: 0.020826. Iter 16. Exp: 483.000000 / 24000 = 0.020125
Number of maxflows: 2. Wrat: 0.020826. Iter 17. Exp: 483.000000 / 24000 = 0.020125
Number of maxflows: 2. Wrat: 0.020826. Iter 18. Exp: 483.000000 / 24000 = 0.020125

Best cut found: 483.000000 / 24000. Expansion: 0.020125.
Algorithm has completed. Time required: 623.205862

                              < M A T L A B >
                  Copyright 1984-2006 The MathWorks, Inc.
                         Version 7.3.0.298 (R2006b)
                              August 03, 2006

 
  To get started, type one of these: helpwin, helpdesk, or demo.
  For product information, visit www.mathworks.com.
 
>> 
Initialization complete. Time required: 4.156397

Running on ...
Graph: /home/eecs/orecchia/yahoo/graphs/sea50k-dir/sea50k.a0.i0.eg2. Number of vertices: 50000. Number of edges: 316806.
Number of iterations: 100.
Stopping condition: 2 5 10
Learning rate: 10.000000.
Initialization: 10.000000.
Random generator seed: 6.000000.
Flow precision: 512.
Run rate: n.
Lower bound: n.
Number of maxflows: 5. Wrat: 0.026684. Iter 1. Exp: 467.000000 / 20123 = 0.023207
Number of maxflows: 3. Wrat: 0.022465. Iter 2. Exp: 521.000000 / 24086 = 0.021631
Number of maxflows: 2. Wrat: 0.022465. Iter 3. Exp: 521.000000 / 24086 = 0.021631
Number of maxflows: 2. Wrat: 0.022465. Iter 4. Exp: 521.000000 / 24086 = 0.021631

Best cut found: 521.000000 / 24086. Expansion: 0.021631.
Algorithm has completed. Time required: 133.624310
Number of maxflows: 3. Wrat: 0.021911. Iter 5. Exp: 485.000000 / 23351 = 0.020770
Number of maxflows: 2. Wrat: 0.021911. Iter 6. Exp: 485.000000 / 23351 = 0.020770
Number of maxflows: 2. Wrat: 0.021911. Iter 7. Exp: 485.000000 / 23351 = 0.020770
Number of maxflows: 2. Wrat: 0.021911. Iter 8. Exp: 485.000000 / 23351 = 0.020770
Number of maxflows: 2. Wrat: 0.021911. Iter 9. Exp: 485.000000 / 23351 = 0.020770
Number of maxflows: 2. Wrat: 0.021911. Iter 10. Exp: 485.000000 / 23351 = 0.020770

Best cut found: 485.000000 / 23351. Expansion: 0.020770.
Algorithm has completed. Time required: 291.840156
Number of maxflows: 2. Wrat: 0.021911. Iter 11. Exp: 485.000000 / 23351 = 0.020770
Number of maxflows: 2. Wrat: 0.021911. Iter 12. Exp: 485.000000 / 23351 = 0.020770
Number of maxflows: 3. Wrat: 0.020761. Iter 13. Exp: 483.000000 / 24007 = 0.020119
Number of maxflows: 2. Wrat: 0.020761. Iter 14. Exp: 483.000000 / 24007 = 0.020119
Number of maxflows: 2. Wrat: 0.020761. Iter 15. Exp: 483.000000 / 24007 = 0.020119
Number of maxflows: 2. Wrat: 0.020761. Iter 16. Exp: 483.000000 / 24007 = 0.020119
Number of maxflows: 2. Wrat: 0.020761. Iter 17. Exp: 483.000000 / 24007 = 0.020119
Number of maxflows: 2. Wrat: 0.020761. Iter 18. Exp: 483.000000 / 24007 = 0.020119
Number of maxflows: 2. Wrat: 0.020761. Iter 19. Exp: 483.000000 / 24007 = 0.020119
Number of maxflows: 2. Wrat: 0.020761. Iter 20. Exp: 483.000000 / 24007 = 0.020119
Number of maxflows: 2. Wrat: 0.020761. Iter 21. Exp: 483.000000 / 24007 = 0.020119
Number of maxflows: 2. Wrat: 0.020761. Iter 22. Exp: 483.000000 / 24007 = 0.020119
Number of maxflows: 2. Wrat: 0.020761. Iter 23. Exp: 483.000000 / 24007 = 0.020119

Best cut found: 483.000000 / 24007. Expansion: 0.020119.
Algorithm has completed. Time required: 649.108904

                              < M A T L A B >
                  Copyright 1984-2006 The MathWorks, Inc.
                         Version 7.3.0.298 (R2006b)
                              August 03, 2006

 
  To get started, type one of these: helpwin, helpdesk, or demo.
  For product information, visit www.mathworks.com.
 
>> 
Initialization complete. Time required: 4.015094

Running on ...
Graph: /home/eecs/orecchia/yahoo/graphs/sea50k-dir/sea50k.a0.i0.eg2. Number of vertices: 50000. Number of edges: 316806.
Number of iterations: 100.
Stopping condition: 2 5 10
Learning rate: 10.000000.
Initialization: 10.000000.
Random generator seed: 7.000000.
Flow precision: 512.
Run rate: n.
Lower bound: n.
Number of maxflows: 5. Wrat: 0.026716. Iter 1. Exp: 537.000000 / 22564 = 0.023799
Number of maxflows: 2. Wrat: 0.026716. Iter 2. Exp: 537.000000 / 22564 = 0.023799
Number of maxflows: 4. Wrat: 0.025888. Iter 3. Exp: 489.000000 / 22917 = 0.021338
Number of maxflows: 2. Wrat: 0.025888. Iter 4. Exp: 489.000000 / 22917 = 0.021338
Number of maxflows: 3. Wrat: 0.024680. Iter 5. Exp: 498.000000 / 24018 = 0.020734
Number of maxflows: 3. Wrat: 0.021792. Iter 6. Exp: 498.000000 / 24018 = 0.020734
Number of maxflows: 2. Wrat: 0.021792. Iter 7. Exp: 498.000000 / 24018 = 0.020734
Number of maxflows: 2. Wrat: 0.021792. Iter 8. Exp: 498.000000 / 24018 = 0.020734

Best cut found: 498.000000 / 24018. Expansion: 0.020734.
Algorithm has completed. Time required: 283.002568
Number of maxflows: 3. Wrat: 0.021626. Iter 9. Exp: 498.000000 / 24018 = 0.020734
Number of maxflows: 3. Wrat: 0.021604. Iter 10. Exp: 498.000000 / 24018 = 0.020734
Number of maxflows: 2. Wrat: 0.021604. Iter 11. Exp: 498.000000 / 24018 = 0.020734
Number of maxflows: 3. Wrat: 0.021347. Iter 12. Exp: 483.000000 / 24000 = 0.020125
Number of maxflows: 2. Wrat: 0.021347. Iter 13. Exp: 483.000000 / 24000 = 0.020125
Number of maxflows: 2. Wrat: 0.021347. Iter 14. Exp: 483.000000 / 24000 = 0.020125
Number of maxflows: 2. Wrat: 0.021347. Iter 15. Exp: 483.000000 / 24000 = 0.020125
Number of maxflows: 2. Wrat: 0.021347. Iter 16. Exp: 483.000000 / 24000 = 0.020125
Number of maxflows: 2. Wrat: 0.021347. Iter 17. Exp: 483.000000 / 24000 = 0.020125

Best cut found: 483.000000 / 24000. Expansion: 0.020125.
Algorithm has completed. Time required: 561.965325
Number of maxflows: 2. Wrat: 0.021347. Iter 18. Exp: 483.000000 / 24000 = 0.020125
Number of maxflows: 2. Wrat: 0.021347. Iter 19. Exp: 483.000000 / 24000 = 0.020125
Number of maxflows: 2. Wrat: 0.021347. Iter 20. Exp: 483.000000 / 24000 = 0.020125
Number of maxflows: 2. Wrat: 0.021347. Iter 21. Exp: 483.000000 / 24000 = 0.020125
Number of maxflows: 2. Wrat: 0.021347. Iter 22. Exp: 483.000000 / 24000 = 0.020125

Best cut found: 483.000000 / 24000. Expansion: 0.020125.
Algorithm has completed. Time required: 696.682515

                              < M A T L A B >
                  Copyright 1984-2006 The MathWorks, Inc.
                         Version 7.3.0.298 (R2006b)
                              August 03, 2006

 
  To get started, type one of these: helpwin, helpdesk, or demo.
  For product information, visit www.mathworks.com.
 
>> 
Initialization complete. Time required: 3.915125

Running on ...
Graph: /home/eecs/orecchia/yahoo/graphs/sea50k-dir/sea50k.a0.i0.eg2. Number of vertices: 50000. Number of edges: 316806.
Number of iterations: 100.
Stopping condition: 2 5 10
Learning rate: 10.000000.
Initialization: 10.000000.
Random generator seed: 8.000000.
Flow precision: 512.
Run rate: n.
Lower bound: n.
Number of maxflows: 5. Wrat: 0.025546. Iter 1. Exp: 477.000000 / 19332 = 0.024674
Number of maxflows: 2. Wrat: 0.025546. Iter 2. Exp: 477.000000 / 19332 = 0.024674
Number of maxflows: 4. Wrat: 0.019695. Iter 3. Exp: 434.000000 / 22326 = 0.019439
Number of maxflows: 2. Wrat: 0.019695. Iter 4. Exp: 434.000000 / 22326 = 0.019439
Number of maxflows: 2. Wrat: 0.019695. Iter 5. Exp: 434.000000 / 22326 = 0.019439

Best cut found: 434.000000 / 22326. Expansion: 0.019439.
Algorithm has completed. Time required: 144.976806
Number of maxflows: 2. Wrat: 0.019695. Iter 6. Exp: 434.000000 / 22326 = 0.019439
Number of maxflows: 2. Wrat: 0.019695. Iter 7. Exp: 434.000000 / 22326 = 0.019439
Number of maxflows: 2. Wrat: 0.019695. Iter 8. Exp: 434.000000 / 22326 = 0.019439

Best cut found: 434.000000 / 22326. Expansion: 0.019439.
Algorithm has completed. Time required: 211.803910
Number of maxflows: 2. Wrat: 0.019695. Iter 9. Exp: 434.000000 / 22326 = 0.019439
Number of maxflows: 2. Wrat: 0.019695. Iter 10. Exp: 434.000000 / 22326 = 0.019439
Number of maxflows: 2. Wrat: 0.019695. Iter 11. Exp: 434.000000 / 22326 = 0.019439
Number of maxflows: 2. Wrat: 0.019695. Iter 12. Exp: 434.000000 / 22326 = 0.019439
Number of maxflows: 2. Wrat: 0.019695. Iter 13. Exp: 434.000000 / 22326 = 0.019439

Best cut found: 434.000000 / 22326. Expansion: 0.019439.
Algorithm has completed. Time required: 313.791684

                              < M A T L A B >
                  Copyright 1984-2006 The MathWorks, Inc.
                         Version 7.3.0.298 (R2006b)
                              August 03, 2006

 
  To get started, type one of these: helpwin, helpdesk, or demo.
  For product information, visit www.mathworks.com.
 
>> 
Initialization complete. Time required: 3.828381

Running on ...
Graph: /home/eecs/orecchia/yahoo/graphs/sea50k-dir/sea50k.a0.i0.eg2. Number of vertices: 50000. Number of edges: 316806.
Number of iterations: 100.
Stopping condition: 2 5 10
Learning rate: 10.000000.
Initialization: 10.000000.
Random generator seed: 9.000000.
Flow precision: 512.
Run rate: n.
Lower bound: n.
Number of maxflows: 5. Wrat: 0.044990. Iter 1. Exp: 515.000000 / 22971 = 0.022420
Number of maxflows: 4. Wrat: 0.031291. Iter 2. Exp: 515.000000 / 22971 = 0.022420
Number of maxflows: 3. Wrat: 0.022008. Iter 3. Exp: 491.000000 / 23734 = 0.020688
Number of maxflows: 2. Wrat: 0.022008. Iter 4. Exp: 491.000000 / 23734 = 0.020688
Number of maxflows: 2. Wrat: 0.022008. Iter 5. Exp: 491.000000 / 23734 = 0.020688

Best cut found: 491.000000 / 23734. Expansion: 0.020688.
Algorithm has completed. Time required: 194.867709
Number of maxflows: 2. Wrat: 0.022008. Iter 6. Exp: 491.000000 / 23734 = 0.020688
Number of maxflows: 3. Wrat: 0.020336. Iter 7. Exp: 473.000000 / 24081 = 0.019642
Number of maxflows: 2. Wrat: 0.020336. Iter 8. Exp: 473.000000 / 24081 = 0.019642
Number of maxflows: 2. Wrat: 0.020336. Iter 9. Exp: 473.000000 / 24081 = 0.019642
Number of maxflows: 2. Wrat: 0.020336. Iter 10. Exp: 473.000000 / 24081 = 0.019642
Number of maxflows: 2. Wrat: 0.020336. Iter 11. Exp: 473.000000 / 24081 = 0.019642
Number of maxflows: 2. Wrat: 0.020336. Iter 12. Exp: 473.000000 / 24081 = 0.019642

Best cut found: 473.000000 / 24081. Expansion: 0.019642.
Algorithm has completed. Time required: 449.197906
Number of maxflows: 2. Wrat: 0.020336. Iter 13. Exp: 473.000000 / 24081 = 0.019642
Number of maxflows: 2. Wrat: 0.020336. Iter 14. Exp: 473.000000 / 24081 = 0.019642
Number of maxflows: 2. Wrat: 0.020336. Iter 15. Exp: 473.000000 / 24081 = 0.019642
Number of maxflows: 2. Wrat: 0.020336. Iter 16. Exp: 473.000000 / 24081 = 0.019642
Number of maxflows: 2. Wrat: 0.020336. Iter 17. Exp: 473.000000 / 24081 = 0.019642

Best cut found: 473.000000 / 24081. Expansion: 0.019642.
Algorithm has completed. Time required: 621.175830
