
                              < M A T L A B >
                  Copyright 1984-2006 The MathWorks, Inc.
                         Version 7.3.0.298 (R2006b)
                              August 03, 2006

 
  To get started, type one of these: helpwin, helpdesk, or demo.
  For product information, visit www.mathworks.com.
 
>> 
Initialization complete. Time required: 3.448868

Running on ...
Graph: /home/eecs/orecchia/yahoo/graphs/sea50k-dir/sea50k.a0.i0.eg2. Number of vertices: 50000. Number of edges: 316806.
Number of iterations: 1.
Stopping condition: 1
Learning rate: 1000.000000.
Initialization: 1.000000.
Random generator seed: 0.000000.
Flow precision: 512.
Run rate: n.
Lower bound: n.
Number of maxflows: 5. Wrat: 0.019961. Iter 1. Exp: 434.000000 / 22316 = 0.019448

Best cut found: 434.000000 / 22316. Expansion: 0.019448.
Algorithm has completed. Time required: 62.124641

                              < M A T L A B >
                  Copyright 1984-2006 The MathWorks, Inc.
                         Version 7.3.0.298 (R2006b)
                              August 03, 2006

 
  To get started, type one of these: helpwin, helpdesk, or demo.
  For product information, visit www.mathworks.com.
 
>> 
Initialization complete. Time required: 3.440595

Running on ...
Graph: /home/eecs/orecchia/yahoo/graphs/sea50k-dir/sea50k.a0.i0.eg2. Number of vertices: 50000. Number of edges: 316806.
Number of iterations: 1.
Stopping condition: 1
Learning rate: 1000.000000.
Initialization: 1.000000.
Random generator seed: 1.000000.
Flow precision: 512.
Run rate: n.
Lower bound: n.
Number of maxflows: 5. Wrat: 0.021585. Iter 1. Exp: 494.000000 / 22964 = 0.021512

Best cut found: 494.000000 / 22964. Expansion: 0.021512.
Algorithm has completed. Time required: 59.594441

                              < M A T L A B >
                  Copyright 1984-2006 The MathWorks, Inc.
                         Version 7.3.0.298 (R2006b)
                              August 03, 2006

 
  To get started, type one of these: helpwin, helpdesk, or demo.
  For product information, visit www.mathworks.com.
 
>> 
Initialization complete. Time required: 3.479174

Running on ...
Graph: /home/eecs/orecchia/yahoo/graphs/sea50k-dir/sea50k.a0.i0.eg2. Number of vertices: 50000. Number of edges: 316806.
Number of iterations: 1.
Stopping condition: 1
Learning rate: 1000.000000.
Initialization: 1.000000.
Random generator seed: 2.000000.
Flow precision: 512.
Run rate: n.
Lower bound: n.
Number of maxflows: 5. Wrat: 0.025081. Iter 1. Exp: 487.000000 / 23783 = 0.020477

Best cut found: 487.000000 / 23783. Expansion: 0.020477.
Algorithm has completed. Time required: 61.743891

                              < M A T L A B >
                  Copyright 1984-2006 The MathWorks, Inc.
                         Version 7.3.0.298 (R2006b)
                              August 03, 2006

 
  To get started, type one of these: helpwin, helpdesk, or demo.
  For product information, visit www.mathworks.com.
 
>> 
Initialization complete. Time required: 3.462137

Running on ...
Graph: /home/eecs/orecchia/yahoo/graphs/sea50k-dir/sea50k.a0.i0.eg2. Number of vertices: 50000. Number of edges: 316806.
Number of iterations: 1.
Stopping condition: 1
Learning rate: 1000.000000.
Initialization: 1.000000.
Random generator seed: 3.000000.
Flow precision: 512.
Run rate: n.
Lower bound: n.
Number of maxflows: 5. Wrat: 0.020357. Iter 1. Exp: 466.000000 / 24099 = 0.019337

Best cut found: 466.000000 / 24099. Expansion: 0.019337.
Algorithm has completed. Time required: 63.203794

                              < M A T L A B >
                  Copyright 1984-2006 The MathWorks, Inc.
                         Version 7.3.0.298 (R2006b)
                              August 03, 2006

 
  To get started, type one of these: helpwin, helpdesk, or demo.
  For product information, visit www.mathworks.com.
 
>> 
Initialization complete. Time required: 3.469494

Running on ...
Graph: /home/eecs/orecchia/yahoo/graphs/sea50k-dir/sea50k.a0.i0.eg2. Number of vertices: 50000. Number of edges: 316806.
Number of iterations: 1.
Stopping condition: 1
Learning rate: 1000.000000.
Initialization: 1.000000.
Random generator seed: 4.000000.
Flow precision: 512.
Run rate: n.
Lower bound: n.
Number of maxflows: 6. Wrat: 0.034079. Iter 1. Exp: 453.000000 / 13407 = 0.033788

Best cut found: 453.000000 / 13407. Expansion: 0.033788.
Algorithm has completed. Time required: 61.553110

                              < M A T L A B >
                  Copyright 1984-2006 The MathWorks, Inc.
                         Version 7.3.0.298 (R2006b)
                              August 03, 2006

 
  To get started, type one of these: helpwin, helpdesk, or demo.
  For product information, visit www.mathworks.com.
 
>> 
Initialization complete. Time required: 3.462753

Running on ...
Graph: /home/eecs/orecchia/yahoo/graphs/sea50k-dir/sea50k.a0.i0.eg2. Number of vertices: 50000. Number of edges: 316806.
Number of iterations: 1.
Stopping condition: 1
Learning rate: 1000.000000.
Initialization: 1.000000.
Random generator seed: 5.000000.
Flow precision: 512.
Run rate: n.
Lower bound: n.
Number of maxflows: 4. Wrat: 0.022874. Iter 1. Exp: 532.000000 / 24096 = 0.022078

Best cut found: 532.000000 / 24096. Expansion: 0.022078.
Algorithm has completed. Time required: 60.510826

                              < M A T L A B >
                  Copyright 1984-2006 The MathWorks, Inc.
                         Version 7.3.0.298 (R2006b)
                              August 03, 2006

 
  To get started, type one of these: helpwin, helpdesk, or demo.
  For product information, visit www.mathworks.com.
 
>> 
Initialization complete. Time required: 3.443560

Running on ...
Graph: /home/eecs/orecchia/yahoo/graphs/sea50k-dir/sea50k.a0.i0.eg2. Number of vertices: 50000. Number of edges: 316806.
Number of iterations: 1.
Stopping condition: 1
Learning rate: 1000.000000.
Initialization: 1.000000.
Random generator seed: 6.000000.
Flow precision: 512.
Run rate: n.
Lower bound: n.
Number of maxflows: 5. Wrat: 0.021242. Iter 1. Exp: 500.000000 / 23876 = 0.020942

Best cut found: 500.000000 / 23876. Expansion: 0.020942.
Algorithm has completed. Time required: 59.400822

                              < M A T L A B >
                  Copyright 1984-2006 The MathWorks, Inc.
                         Version 7.3.0.298 (R2006b)
                              August 03, 2006

 
  To get started, type one of these: helpwin, helpdesk, or demo.
  For product information, visit www.mathworks.com.
 
>> 
Initialization complete. Time required: 3.428539

Running on ...
Graph: /home/eecs/orecchia/yahoo/graphs/sea50k-dir/sea50k.a0.i0.eg2. Number of vertices: 50000. Number of edges: 316806.
Number of iterations: 1.
Stopping condition: 1
Learning rate: 1000.000000.
Initialization: 1.000000.
Random generator seed: 7.000000.
Flow precision: 512.
Run rate: n.
Lower bound: n.
Number of maxflows: 5. Wrat: 0.022307. Iter 1. Exp: 498.000000 / 24757 = 0.020116

Best cut found: 498.000000 / 24757. Expansion: 0.020116.
Algorithm has completed. Time required: 61.755153

                              < M A T L A B >
                  Copyright 1984-2006 The MathWorks, Inc.
                         Version 7.3.0.298 (R2006b)
                              August 03, 2006

 
  To get started, type one of these: helpwin, helpdesk, or demo.
  For product information, visit www.mathworks.com.
 
>> 
Initialization complete. Time required: 3.451946

Running on ...
Graph: /home/eecs/orecchia/yahoo/graphs/sea50k-dir/sea50k.a0.i0.eg2. Number of vertices: 50000. Number of edges: 316806.
Number of iterations: 1.
Stopping condition: 1
Learning rate: 1000.000000.
Initialization: 1.000000.
Random generator seed: 8.000000.
Flow precision: 512.
Run rate: n.
Lower bound: n.
Number of maxflows: 5. Wrat: 0.022186. Iter 1. Exp: 498.000000 / 24757 = 0.020116

Best cut found: 498.000000 / 24757. Expansion: 0.020116.
Algorithm has completed. Time required: 63.495659

                              < M A T L A B >
                  Copyright 1984-2006 The MathWorks, Inc.
                         Version 7.3.0.298 (R2006b)
                              August 03, 2006

 
  To get started, type one of these: helpwin, helpdesk, or demo.
  For product information, visit www.mathworks.com.
 
>> 
Initialization complete. Time required: 3.470978

Running on ...
Graph: /home/eecs/orecchia/yahoo/graphs/sea50k-dir/sea50k.a0.i0.eg2. Number of vertices: 50000. Number of edges: 316806.
Number of iterations: 1.
Stopping condition: 1
Learning rate: 1000.000000.
Initialization: 1.000000.
Random generator seed: 9.000000.
Flow precision: 512.
Run rate: n.
Lower bound: n.
Number of maxflows: 5. Wrat: 0.021142. Iter 1. Exp: 480.000000 / 24844 = 0.019321

Best cut found: 480.000000 / 24844. Expansion: 0.019321.
Algorithm has completed. Time required: 64.189898
