
                              < M A T L A B >
                  Copyright 1984-2006 The MathWorks, Inc.
                         Version 7.3.0.298 (R2006b)
                              August 03, 2006

 
  To get started, type one of these: helpwin, helpdesk, or demo.
  For product information, visit www.mathworks.com.
 
>> 
Initialization complete. Time required: 4.745864

Running on ...
Graph: /home/eecs/orecchia/yahoo/graphs/sea50k-dir/sea50k.a0.i0.eg2. Number of vertices: 50000. Number of edges: 316806.
Number of iterations: 100.
Stopping condition: 2 5 10
Learning rate: 1.000000.
Initialization: 0.000000.
Random generator seed: 0.000000.
Flow precision: 512.
Run rate: n.
Lower bound: n.
Warning: Divide by zero.
> In expv at 95
  In cutfind at 234
Warning: Divide by zero.
> In expv at 95
  In cutfind at 234
Number of maxflows: 11. Wrat: 0.714286. Iter 1. Exp: 814.000000 / 8827 = 0.092217
Number of maxflows: 2. Wrat: 0.714286. Iter 2. Exp: 814.000000 / 8827 = 0.092217
Number of maxflows: 4. Wrat: 0.500468. Iter 3. Exp: 535.000000 / 17487 = 0.030594
Number of maxflows: 5. Wrat: 0.339710. Iter 4. Exp: 515.000000 / 20128 = 0.025586
Number of maxflows: 4. Wrat: 0.224652. Iter 5. Exp: 515.000000 / 20128 = 0.025586
Number of maxflows: 4. Wrat: 0.101018. Iter 6. Exp: 515.000000 / 20128 = 0.025586
Number of maxflows: 4. Wrat: 0.085614. Iter 7. Exp: 510.000000 / 23047 = 0.022129
Number of maxflows: 4. Wrat: 0.065366. Iter 8. Exp: 510.000000 / 23047 = 0.022129
Number of maxflows: 4. Wrat: 0.040955. Iter 9. Exp: 510.000000 / 23047 = 0.022129
Number of maxflows: 2. Wrat: 0.040955. Iter 10. Exp: 510.000000 / 23047 = 0.022129
Number of maxflows: 4. Wrat: 0.025459. Iter 11. Exp: 434.000000 / 22313 = 0.019451
Number of maxflows: 2. Wrat: 0.025459. Iter 12. Exp: 434.000000 / 22313 = 0.019451
Number of maxflows: 2. Wrat: 0.025459. Iter 13. Exp: 434.000000 / 22313 = 0.019451

Best cut found: 434.000000 / 22313. Expansion: 0.019451.
Algorithm has completed. Time required: 218.621908
Number of maxflows: 2. Wrat: 0.025459. Iter 14. Exp: 434.000000 / 22313 = 0.019451
Number of maxflows: 3. Wrat: 0.023931. Iter 15. Exp: 434.000000 / 22313 = 0.019451
Number of maxflows: 2. Wrat: 0.023931. Iter 16. Exp: 434.000000 / 22313 = 0.019451
Number of maxflows: 2. Wrat: 0.023931. Iter 17. Exp: 434.000000 / 22313 = 0.019451
Number of maxflows: 3. Wrat: 0.022444. Iter 18. Exp: 434.000000 / 22313 = 0.019451
Number of maxflows: 2. Wrat: 0.022444. Iter 19. Exp: 434.000000 / 22313 = 0.019451
Number of maxflows: 3. Wrat: 0.021949. Iter 20. Exp: 434.000000 / 22313 = 0.019451
Number of maxflows: 2. Wrat: 0.021949. Iter 21. Exp: 434.000000 / 22313 = 0.019451
Number of maxflows: 2. Wrat: 0.021949. Iter 22. Exp: 434.000000 / 22313 = 0.019451
Number of maxflows: 2. Wrat: 0.021949. Iter 23. Exp: 434.000000 / 22313 = 0.019451
Number of maxflows: 2. Wrat: 0.021949. Iter 24. Exp: 434.000000 / 22313 = 0.019451
Number of maxflows: 2. Wrat: 0.021949. Iter 25. Exp: 434.000000 / 22313 = 0.019451

Best cut found: 434.000000 / 22313. Expansion: 0.019451.
Algorithm has completed. Time required: 510.014411
Number of maxflows: 2. Wrat: 0.021949. Iter 26. Exp: 434.000000 / 22313 = 0.019451
Number of maxflows: 3. Wrat: 0.021285. Iter 27. Exp: 470.000000 / 24953 = 0.018835
Number of maxflows: 2. Wrat: 0.021285. Iter 28. Exp: 470.000000 / 24953 = 0.018835
Number of maxflows: 2. Wrat: 0.021285. Iter 29. Exp: 470.000000 / 24953 = 0.018835
Number of maxflows: 2. Wrat: 0.021285. Iter 30. Exp: 470.000000 / 24953 = 0.018835
Number of maxflows: 2. Wrat: 0.021285. Iter 31. Exp: 470.000000 / 24953 = 0.018835
Number of maxflows: 2. Wrat: 0.021285. Iter 32. Exp: 470.000000 / 24953 = 0.018835
Number of maxflows: 2. Wrat: 0.021285. Iter 33. Exp: 470.000000 / 24953 = 0.018835
Number of maxflows: 2. Wrat: 0.021285. Iter 34. Exp: 470.000000 / 24953 = 0.018835
Number of maxflows: 2. Wrat: 0.021285. Iter 35. Exp: 470.000000 / 24953 = 0.018835
Number of maxflows: 2. Wrat: 0.021285. Iter 36. Exp: 470.000000 / 24953 = 0.018835
Number of maxflows: 2. Wrat: 0.021285. Iter 37. Exp: 470.000000 / 24953 = 0.018835

Best cut found: 470.000000 / 24953. Expansion: 0.018835.
Algorithm has completed. Time required: 847.099938

                              < M A T L A B >
                  Copyright 1984-2006 The MathWorks, Inc.
                         Version 7.3.0.298 (R2006b)
                              August 03, 2006

 
  To get started, type one of these: helpwin, helpdesk, or demo.
  For product information, visit www.mathworks.com.
 
>> 
Initialization complete. Time required: 5.141095

Running on ...
Graph: /home/eecs/orecchia/yahoo/graphs/sea50k-dir/sea50k.a0.i0.eg2. Number of vertices: 50000. Number of edges: 316806.
Number of iterations: 100.
Stopping condition: 2 5 10
Learning rate: 1.000000.
Initialization: 0.000000.
Random generator seed: 1.000000.
Flow precision: 512.
Run rate: n.
Lower bound: n.
Warning: Divide by zero.
> In expv at 95
  In cutfind at 234
Warning: Divide by zero.
> In expv at 95
  In cutfind at 234
Number of maxflows: 11. Wrat: 1.000000. Iter 1. Exp: 403.000000 / 7628 = 0.052832
Number of maxflows: 2. Wrat: 1.000000. Iter 2. Exp: 403.000000 / 7628 = 0.052832
Number of maxflows: 4. Wrat: 0.867769. Iter 3. Exp: 630.000000 / 21978 = 0.028665
Number of maxflows: 5. Wrat: 0.375278. Iter 4. Exp: 630.000000 / 21978 = 0.028665
Number of maxflows: 5. Wrat: 0.277878. Iter 5. Exp: 630.000000 / 21978 = 0.028665
Number of maxflows: 5. Wrat: 0.140995. Iter 6. Exp: 476.000000 / 19378 = 0.024564
Number of maxflows: 4. Wrat: 0.076265. Iter 7. Exp: 476.000000 / 19378 = 0.024564
Number of maxflows: 4. Wrat: 0.051982. Iter 8. Exp: 476.000000 / 19378 = 0.024564
Number of maxflows: 4. Wrat: 0.034198. Iter 9. Exp: 485.000000 / 21964 = 0.022082
Number of maxflows: 2. Wrat: 0.034198. Iter 10. Exp: 485.000000 / 21964 = 0.022082
Number of maxflows: 3. Wrat: 0.024062. Iter 11. Exp: 453.000000 / 24970 = 0.018142
Number of maxflows: 2. Wrat: 0.024062. Iter 12. Exp: 453.000000 / 24970 = 0.018142
Number of maxflows: 2. Wrat: 0.024062. Iter 13. Exp: 453.000000 / 24970 = 0.018142

Best cut found: 453.000000 / 24970. Expansion: 0.018142.
Algorithm has completed. Time required: 235.371217
Number of maxflows: 2. Wrat: 0.024062. Iter 14. Exp: 453.000000 / 24970 = 0.018142
Number of maxflows: 2. Wrat: 0.024062. Iter 15. Exp: 453.000000 / 24970 = 0.018142
Number of maxflows: 2. Wrat: 0.024062. Iter 16. Exp: 453.000000 / 24970 = 0.018142

Best cut found: 453.000000 / 24970. Expansion: 0.018142.
Algorithm has completed. Time required: 305.119080
Number of maxflows: 2. Wrat: 0.024062. Iter 17. Exp: 453.000000 / 24970 = 0.018142
Number of maxflows: 2. Wrat: 0.024062. Iter 18. Exp: 453.000000 / 24970 = 0.018142
Number of maxflows: 3. Wrat: 0.022883. Iter 19. Exp: 453.000000 / 24970 = 0.018142
Number of maxflows: 2. Wrat: 0.022883. Iter 20. Exp: 453.000000 / 24970 = 0.018142
Number of maxflows: 2. Wrat: 0.022883. Iter 21. Exp: 453.000000 / 24970 = 0.018142
Number of maxflows: 2. Wrat: 0.022883. Iter 22. Exp: 453.000000 / 24970 = 0.018142
Number of maxflows: 2. Wrat: 0.022883. Iter 23. Exp: 453.000000 / 24970 = 0.018142
Number of maxflows: 2. Wrat: 0.022883. Iter 24. Exp: 453.000000 / 24970 = 0.018142
Number of maxflows: 2. Wrat: 0.022883. Iter 25. Exp: 453.000000 / 24970 = 0.018142
Number of maxflows: 4. Wrat: 0.021147. Iter 26. Exp: 453.000000 / 24970 = 0.018142
Number of maxflows: 2. Wrat: 0.021147. Iter 27. Exp: 453.000000 / 24970 = 0.018142
Number of maxflows: 2. Wrat: 0.021147. Iter 28. Exp: 453.000000 / 24970 = 0.018142
Number of maxflows: 2. Wrat: 0.021147. Iter 29. Exp: 453.000000 / 24970 = 0.018142
Number of maxflows: 2. Wrat: 0.021147. Iter 30. Exp: 453.000000 / 24970 = 0.018142
Number of maxflows: 2. Wrat: 0.021147. Iter 31. Exp: 453.000000 / 24970 = 0.018142
Number of maxflows: 2. Wrat: 0.021147. Iter 32. Exp: 453.000000 / 24970 = 0.018142
Number of maxflows: 2. Wrat: 0.021147. Iter 33. Exp: 453.000000 / 24970 = 0.018142
Number of maxflows: 2. Wrat: 0.021147. Iter 34. Exp: 453.000000 / 24970 = 0.018142
Number of maxflows: 2. Wrat: 0.021147. Iter 35. Exp: 453.000000 / 24970 = 0.018142
Number of maxflows: 2. Wrat: 0.021147. Iter 36. Exp: 453.000000 / 24970 = 0.018142

Best cut found: 453.000000 / 24970. Expansion: 0.018142.
Algorithm has completed. Time required: 847.678730

                              < M A T L A B >
                  Copyright 1984-2006 The MathWorks, Inc.
                         Version 7.3.0.298 (R2006b)
                              August 03, 2006

 
  To get started, type one of these: helpwin, helpdesk, or demo.
  For product information, visit www.mathworks.com.
 
>> 
Initialization complete. Time required: 4.789409

Running on ...
Graph: /home/eecs/orecchia/yahoo/graphs/sea50k-dir/sea50k.a0.i0.eg2. Number of vertices: 50000. Number of edges: 316806.
Number of iterations: 100.
Stopping condition: 2 5 10
Learning rate: 1.000000.
Initialization: 0.000000.
Random generator seed: 2.000000.
Flow precision: 512.
Run rate: n.
Lower bound: n.
Warning: Divide by zero.
> In expv at 95
  In cutfind at 234
Warning: Divide by zero.
> In expv at 95
  In cutfind at 234
Number of maxflows: 12. Wrat: 1.000000. Iter 1. Exp: 1323.000000 / 15848 = 0.083481
Number of maxflows: 2. Wrat: 1.000000. Iter 2. Exp: 1323.000000 / 15848 = 0.083481
Number of maxflows: 5. Wrat: 0.857143. Iter 3. Exp: 594.000000 / 10542 = 0.056346
Number of maxflows: 6. Wrat: 0.368421. Iter 4. Exp: 594.000000 / 10542 = 0.056346
Number of maxflows: 5. Wrat: 0.208805. Iter 5. Exp: 1021.000000 / 23611 = 0.043243
Number of maxflows: 4. Wrat: 0.183810. Iter 6. Exp: 1021.000000 / 23611 = 0.043243
Number of maxflows: 4. Wrat: 0.118563. Iter 7. Exp: 1021.000000 / 23611 = 0.043243
Number of maxflows: 4. Wrat: 0.058232. Iter 8. Exp: 544.000000 / 22308 = 0.024386
Number of maxflows: 2. Wrat: 0.058232. Iter 9. Exp: 544.000000 / 22308 = 0.024386
Number of maxflows: 3. Wrat: 0.037007. Iter 10. Exp: 545.000000 / 24713 = 0.022053
Number of maxflows: 3. Wrat: 0.027000. Iter 11. Exp: 545.000000 / 24713 = 0.022053
Number of maxflows: 2. Wrat: 0.027000. Iter 12. Exp: 545.000000 / 24713 = 0.022053
Number of maxflows: 3. Wrat: 0.023303. Iter 13. Exp: 545.000000 / 24713 = 0.022053
Number of maxflows: 2. Wrat: 0.023303. Iter 14. Exp: 545.000000 / 24713 = 0.022053
Number of maxflows: 2. Wrat: 0.023303. Iter 15. Exp: 545.000000 / 24713 = 0.022053

Best cut found: 545.000000 / 24713. Expansion: 0.022053.
Algorithm has completed. Time required: 248.986961
Number of maxflows: 2. Wrat: 0.023303. Iter 16. Exp: 545.000000 / 24713 = 0.022053
Number of maxflows: 2. Wrat: 0.023303. Iter 17. Exp: 545.000000 / 24713 = 0.022053
Number of maxflows: 2. Wrat: 0.023303. Iter 18. Exp: 545.000000 / 24713 = 0.022053

Best cut found: 545.000000 / 24713. Expansion: 0.022053.
Algorithm has completed. Time required: 317.324387
Number of maxflows: 2. Wrat: 0.023303. Iter 19. Exp: 545.000000 / 24713 = 0.022053
Number of maxflows: 2. Wrat: 0.023303. Iter 20. Exp: 545.000000 / 24713 = 0.022053
Number of maxflows: 2. Wrat: 0.023303. Iter 21. Exp: 545.000000 / 24713 = 0.022053
Number of maxflows: 2. Wrat: 0.023303. Iter 22. Exp: 545.000000 / 24713 = 0.022053
Number of maxflows: 2. Wrat: 0.023303. Iter 23. Exp: 545.000000 / 24713 = 0.022053

Best cut found: 545.000000 / 24713. Expansion: 0.022053.
Algorithm has completed. Time required: 450.477342

                              < M A T L A B >
                  Copyright 1984-2006 The MathWorks, Inc.
                         Version 7.3.0.298 (R2006b)
                              August 03, 2006

 
  To get started, type one of these: helpwin, helpdesk, or demo.
  For product information, visit www.mathworks.com.
 
>> 
Initialization complete. Time required: 4.562316

Running on ...
Graph: /home/eecs/orecchia/yahoo/graphs/sea50k-dir/sea50k.a0.i0.eg2. Number of vertices: 50000. Number of edges: 316806.
Number of iterations: 100.
Stopping condition: 2 5 10
Learning rate: 1.000000.
Initialization: 0.000000.
Random generator seed: 3.000000.
Flow precision: 512.
Run rate: n.
Lower bound: n.
Warning: Divide by zero.
> In expv at 95
  In cutfind at 234
Warning: Divide by zero.
> In expv at 95
  In cutfind at 234
Number of maxflows: 10. Wrat: 1.000000. Iter 1. Exp: 509.000000 / 9870 = 0.051570
Number of maxflows: 2. Wrat: 1.000000. Iter 2. Exp: 509.000000 / 9870 = 0.051570
Number of maxflows: 4. Wrat: 0.824561. Iter 3. Exp: 796.000000 / 21152 = 0.037632
Number of maxflows: 6. Wrat: 0.426705. Iter 4. Exp: 796.000000 / 21152 = 0.037632
Number of maxflows: 4. Wrat: 0.271318. Iter 5. Exp: 796.000000 / 21152 = 0.037632
Number of maxflows: 4. Wrat: 0.187994. Iter 6. Exp: 796.000000 / 21152 = 0.037632
Number of maxflows: 5. Wrat: 0.090141. Iter 7. Exp: 796.000000 / 21152 = 0.037632
Number of maxflows: 4. Wrat: 0.042860. Iter 8. Exp: 413.000000 / 11996 = 0.034428
Number of maxflows: 3. Wrat: 0.037896. Iter 9. Exp: 454.000000 / 16636 = 0.027290
Number of maxflows: 2. Wrat: 0.037896. Iter 10. Exp: 454.000000 / 16636 = 0.027290
Number of maxflows: 2. Wrat: 0.037896. Iter 11. Exp: 454.000000 / 16636 = 0.027290

Best cut found: 454.000000 / 16636. Expansion: 0.027290.
Algorithm has completed. Time required: 150.248609
Number of maxflows: 4. Wrat: 0.024073. Iter 12. Exp: 474.000000 / 22538 = 0.021031
Number of maxflows: 2. Wrat: 0.024073. Iter 13. Exp: 474.000000 / 22538 = 0.021031
Number of maxflows: 3. Wrat: 0.021237. Iter 14. Exp: 453.000000 / 24937 = 0.018166
Number of maxflows: 2. Wrat: 0.021237. Iter 15. Exp: 453.000000 / 24937 = 0.018166
Number of maxflows: 2. Wrat: 0.021237. Iter 16. Exp: 453.000000 / 24937 = 0.018166
Number of maxflows: 2. Wrat: 0.021237. Iter 17. Exp: 453.000000 / 24937 = 0.018166
Number of maxflows: 2. Wrat: 0.021237. Iter 18. Exp: 453.000000 / 24937 = 0.018166
Number of maxflows: 2. Wrat: 0.021237. Iter 19. Exp: 453.000000 / 24937 = 0.018166

Best cut found: 453.000000 / 24937. Expansion: 0.018166.
Algorithm has completed. Time required: 361.246614
Number of maxflows: 2. Wrat: 0.021237. Iter 20. Exp: 453.000000 / 24937 = 0.018166
Number of maxflows: 2. Wrat: 0.021237. Iter 21. Exp: 453.000000 / 24937 = 0.018166
Number of maxflows: 2. Wrat: 0.021237. Iter 22. Exp: 453.000000 / 24937 = 0.018166
Number of maxflows: 3. Wrat: 0.020385. Iter 23. Exp: 453.000000 / 24946 = 0.018159
Number of maxflows: 2. Wrat: 0.020385. Iter 24. Exp: 453.000000 / 24946 = 0.018159
Number of maxflows: 2. Wrat: 0.020385. Iter 25. Exp: 453.000000 / 24946 = 0.018159
Number of maxflows: 2. Wrat: 0.020385. Iter 26. Exp: 453.000000 / 24946 = 0.018159
Number of maxflows: 2. Wrat: 0.020385. Iter 27. Exp: 453.000000 / 24946 = 0.018159
Number of maxflows: 2. Wrat: 0.020385. Iter 28. Exp: 453.000000 / 24946 = 0.018159
Number of maxflows: 2. Wrat: 0.020385. Iter 29. Exp: 453.000000 / 24946 = 0.018159
Number of maxflows: 2. Wrat: 0.020385. Iter 30. Exp: 453.000000 / 24946 = 0.018159
Number of maxflows: 2. Wrat: 0.020385. Iter 31. Exp: 453.000000 / 24946 = 0.018159
Number of maxflows: 2. Wrat: 0.020385. Iter 32. Exp: 453.000000 / 24946 = 0.018159
Number of maxflows: 2. Wrat: 0.020385. Iter 33. Exp: 453.000000 / 24946 = 0.018159

Best cut found: 453.000000 / 24946. Expansion: 0.018159.
Algorithm has completed. Time required: 745.705925

                              < M A T L A B >
                  Copyright 1984-2006 The MathWorks, Inc.
                         Version 7.3.0.298 (R2006b)
                              August 03, 2006

 
  To get started, type one of these: helpwin, helpdesk, or demo.
  For product information, visit www.mathworks.com.
 
>> 
Initialization complete. Time required: 5.362657

Running on ...
Graph: /home/eecs/orecchia/yahoo/graphs/sea50k-dir/sea50k.a0.i0.eg2. Number of vertices: 50000. Number of edges: 316806.
Number of iterations: 100.
Stopping condition: 2 5 10
Learning rate: 1.000000.
Initialization: 0.000000.
Random generator seed: 4.000000.
Flow precision: 512.
Run rate: n.
Lower bound: n.
Warning: Divide by zero.
> In expv at 95
  In cutfind at 234
Warning: Divide by zero.
> In expv at 95
  In cutfind at 234
Number of maxflows: 11. Wrat: 1.000000. Iter 1. Exp: 312.000000 / 3841 = 0.081229
Number of maxflows: 4. Wrat: 0.857143. Iter 2. Exp: 312.000000 / 3841 = 0.081229
Number of maxflows: 5. Wrat: 0.436090. Iter 3. Exp: 551.000000 / 12921 = 0.042644
Number of maxflows: 4. Wrat: 0.386598. Iter 4. Exp: 551.000000 / 12921 = 0.042644
Number of maxflows: 5. Wrat: 0.126183. Iter 5. Exp: 320.000000 / 7650 = 0.041830
Number of maxflows: 2. Wrat: 0.126183. Iter 6. Exp: 320.000000 / 7650 = 0.041830
Number of maxflows: 3. Wrat: 0.114441. Iter 7. Exp: 630.000000 / 18377 = 0.034282
Number of maxflows: 4. Wrat: 0.059813. Iter 8. Exp: 455.000000 / 18575 = 0.024495
Number of maxflows: 4. Wrat: 0.035682. Iter 9. Exp: 475.000000 / 24741 = 0.019199
Number of maxflows: 3. Wrat: 0.031122. Iter 10. Exp: 475.000000 / 24741 = 0.019199
Number of maxflows: 2. Wrat: 0.031122. Iter 11. Exp: 475.000000 / 24741 = 0.019199
Number of maxflows: 2. Wrat: 0.031122. Iter 12. Exp: 475.000000 / 24741 = 0.019199

Best cut found: 475.000000 / 24741. Expansion: 0.019199.
Algorithm has completed. Time required: 197.004967
Number of maxflows: 2. Wrat: 0.031122. Iter 13. Exp: 475.000000 / 24741 = 0.019199
Number of maxflows: 2. Wrat: 0.031122. Iter 14. Exp: 475.000000 / 24741 = 0.019199
Number of maxflows: 3. Wrat: 0.022842. Iter 15. Exp: 475.000000 / 24741 = 0.019199
Number of maxflows: 2. Wrat: 0.022842. Iter 16. Exp: 475.000000 / 24741 = 0.019199
Number of maxflows: 3. Wrat: 0.020985. Iter 17. Exp: 475.000000 / 24741 = 0.019199
Number of maxflows: 2. Wrat: 0.020985. Iter 18. Exp: 475.000000 / 24741 = 0.019199
Number of maxflows: 2. Wrat: 0.020985. Iter 19. Exp: 475.000000 / 24741 = 0.019199
Number of maxflows: 2. Wrat: 0.020985. Iter 20. Exp: 475.000000 / 24741 = 0.019199
Number of maxflows: 3. Wrat: 0.020853. Iter 21. Exp: 475.000000 / 24741 = 0.019199
Number of maxflows: 2. Wrat: 0.020853. Iter 22. Exp: 475.000000 / 24741 = 0.019199
Number of maxflows: 2. Wrat: 0.020853. Iter 23. Exp: 475.000000 / 24741 = 0.019199
Number of maxflows: 2. Wrat: 0.020853. Iter 24. Exp: 475.000000 / 24741 = 0.019199
Number of maxflows: 2. Wrat: 0.020853. Iter 25. Exp: 475.000000 / 24741 = 0.019199
Number of maxflows: 2. Wrat: 0.020853. Iter 26. Exp: 475.000000 / 24741 = 0.019199

Best cut found: 475.000000 / 24741. Expansion: 0.019199.
Algorithm has completed. Time required: 538.676550
Number of maxflows: 2. Wrat: 0.020853. Iter 27. Exp: 475.000000 / 24741 = 0.019199
Number of maxflows: 2. Wrat: 0.020853. Iter 28. Exp: 475.000000 / 24741 = 0.019199
Number of maxflows: 2. Wrat: 0.020853. Iter 29. Exp: 475.000000 / 24741 = 0.019199
Number of maxflows: 2. Wrat: 0.020853. Iter 30. Exp: 475.000000 / 24741 = 0.019199
Number of maxflows: 2. Wrat: 0.020853. Iter 31. Exp: 475.000000 / 24741 = 0.019199

Best cut found: 475.000000 / 24741. Expansion: 0.019199.
Algorithm has completed. Time required: 654.956737

                              < M A T L A B >
                  Copyright 1984-2006 The MathWorks, Inc.
                         Version 7.3.0.298 (R2006b)
                              August 03, 2006

 
  To get started, type one of these: helpwin, helpdesk, or demo.
  For product information, visit www.mathworks.com.
 
>> 
Initialization complete. Time required: 5.754316

Running on ...
Graph: /home/eecs/orecchia/yahoo/graphs/sea50k-dir/sea50k.a0.i0.eg2. Number of vertices: 50000. Number of edges: 316806.
Number of iterations: 100.
Stopping condition: 2 5 10
Learning rate: 1.000000.
Initialization: 0.000000.
Random generator seed: 5.000000.
Flow precision: 512.
Run rate: n.
Lower bound: n.
Warning: Divide by zero.
> In expv at 95
  In cutfind at 234
Warning: Divide by zero.
> In expv at 95
  In cutfind at 234
Number of maxflows: 12. Wrat: 0.909091. Iter 1. Exp: 465.000000 / 8357 = 0.055642
Number of maxflows: 2. Wrat: 0.909091. Iter 2. Exp: 465.000000 / 8357 = 0.055642
Number of maxflows: 4. Wrat: 0.485175. Iter 3. Exp: 540.000000 / 13057 = 0.041357
Number of maxflows: 4. Wrat: 0.297203. Iter 4. Exp: 510.000000 / 15720 = 0.032443
Number of maxflows: 4. Wrat: 0.162779. Iter 5. Exp: 510.000000 / 15720 = 0.032443
Number of maxflows: 3. Wrat: 0.127737. Iter 6. Exp: 525.000000 / 21356 = 0.024583
Number of maxflows: 4. Wrat: 0.091792. Iter 7. Exp: 525.000000 / 21356 = 0.024583
Number of maxflows: 4. Wrat: 0.045367. Iter 8. Exp: 527.000000 / 23610 = 0.022321
Number of maxflows: 3. Wrat: 0.033576. Iter 9. Exp: 485.000000 / 23777 = 0.020398
Number of maxflows: 3. Wrat: 0.030320. Iter 10. Exp: 485.000000 / 23777 = 0.020398
Number of maxflows: 2. Wrat: 0.030320. Iter 11. Exp: 485.000000 / 23777 = 0.020398
Number of maxflows: 2. Wrat: 0.030320. Iter 12. Exp: 485.000000 / 23777 = 0.020398

Best cut found: 485.000000 / 23777. Expansion: 0.020398.
Algorithm has completed. Time required: 196.261098
Number of maxflows: 2. Wrat: 0.030320. Iter 13. Exp: 485.000000 / 23777 = 0.020398
Number of maxflows: 2. Wrat: 0.030320. Iter 14. Exp: 485.000000 / 23777 = 0.020398
Number of maxflows: 3. Wrat: 0.023170. Iter 15. Exp: 483.000000 / 24002 = 0.020123
Number of maxflows: 2. Wrat: 0.023170. Iter 16. Exp: 483.000000 / 24002 = 0.020123
Number of maxflows: 2. Wrat: 0.023170. Iter 17. Exp: 483.000000 / 24002 = 0.020123
Number of maxflows: 2. Wrat: 0.023170. Iter 18. Exp: 483.000000 / 24002 = 0.020123
Number of maxflows: 2. Wrat: 0.023170. Iter 19. Exp: 483.000000 / 24002 = 0.020123
Number of maxflows: 2. Wrat: 0.023170. Iter 20. Exp: 483.000000 / 24002 = 0.020123

Best cut found: 483.000000 / 24002. Expansion: 0.020123.
Algorithm has completed. Time required: 352.106016
Number of maxflows: 3. Wrat: 0.021801. Iter 21. Exp: 483.000000 / 24002 = 0.020123
Number of maxflows: 2. Wrat: 0.021801. Iter 22. Exp: 483.000000 / 24002 = 0.020123
Number of maxflows: 2. Wrat: 0.021801. Iter 23. Exp: 483.000000 / 24002 = 0.020123
Number of maxflows: 2. Wrat: 0.021801. Iter 24. Exp: 483.000000 / 24002 = 0.020123
Number of maxflows: 2. Wrat: 0.021801. Iter 25. Exp: 483.000000 / 24002 = 0.020123
Number of maxflows: 2. Wrat: 0.021801. Iter 26. Exp: 483.000000 / 24002 = 0.020123
Number of maxflows: 2. Wrat: 0.021801. Iter 27. Exp: 483.000000 / 24002 = 0.020123
Number of maxflows: 2. Wrat: 0.021801. Iter 28. Exp: 483.000000 / 24002 = 0.020123
Number of maxflows: 2. Wrat: 0.021801. Iter 29. Exp: 483.000000 / 24002 = 0.020123
Number of maxflows: 2. Wrat: 0.021801. Iter 30. Exp: 483.000000 / 24002 = 0.020123
Number of maxflows: 2. Wrat: 0.021801. Iter 31. Exp: 483.000000 / 24002 = 0.020123

Best cut found: 483.000000 / 24002. Expansion: 0.020123.
Algorithm has completed. Time required: 650.387541

                              < M A T L A B >
                  Copyright 1984-2006 The MathWorks, Inc.
                         Version 7.3.0.298 (R2006b)
                              August 03, 2006

 
  To get started, type one of these: helpwin, helpdesk, or demo.
  For product information, visit www.mathworks.com.
 
>> 
Initialization complete. Time required: 3.802605

Running on ...
Graph: /home/eecs/orecchia/yahoo/graphs/sea50k-dir/sea50k.a0.i0.eg2. Number of vertices: 50000. Number of edges: 316806.
Number of iterations: 100.
Stopping condition: 2 5 10
Learning rate: 1.000000.
Initialization: 0.000000.
Random generator seed: 6.000000.
Flow precision: 512.
Run rate: n.
Lower bound: n.
Warning: Divide by zero.
> In expv at 95
  In cutfind at 234
Warning: Divide by zero.
> In expv at 95
  In cutfind at 234
Number of maxflows: 11. Wrat: 0.833333. Iter 1. Exp: 914.000000 / 15193 = 0.060159
Number of maxflows: 2. Wrat: 0.833333. Iter 2. Exp: 914.000000 / 15193 = 0.060159
Number of maxflows: 5. Wrat: 0.647321. Iter 3. Exp: 435.000000 / 8244 = 0.052766
Number of maxflows: 6. Wrat: 0.319534. Iter 4. Exp: 702.000000 / 14964 = 0.046913
Number of maxflows: 3. Wrat: 0.216673. Iter 5. Exp: 564.000000 / 22841 = 0.024692
Number of maxflows: 4. Wrat: 0.099867. Iter 6. Exp: 564.000000 / 22841 = 0.024692
Number of maxflows: 3. Wrat: 0.097441. Iter 7. Exp: 564.000000 / 22841 = 0.024692
Number of maxflows: 4. Wrat: 0.045928. Iter 8. Exp: 564.000000 / 22841 = 0.024692
Number of maxflows: 2. Wrat: 0.045928. Iter 9. Exp: 564.000000 / 22841 = 0.024692
Number of maxflows: 4. Wrat: 0.028455. Iter 10. Exp: 527.000000 / 24690 = 0.021345
Number of maxflows: 3. Wrat: 0.027655. Iter 11. Exp: 506.000000 / 23803 = 0.021258
Number of maxflows: 2. Wrat: 0.027655. Iter 12. Exp: 506.000000 / 23803 = 0.021258
Number of maxflows: 2. Wrat: 0.027655. Iter 13. Exp: 506.000000 / 23803 = 0.021258

Best cut found: 506.000000 / 23803. Expansion: 0.021258.
Algorithm has completed. Time required: 236.200884
Number of maxflows: 2. Wrat: 0.027655. Iter 14. Exp: 506.000000 / 23803 = 0.021258
Number of maxflows: 4. Wrat: 0.022323. Iter 15. Exp: 434.000000 / 22312 = 0.019451
Number of maxflows: 2. Wrat: 0.022323. Iter 16. Exp: 434.000000 / 22312 = 0.019451
Number of maxflows: 2. Wrat: 0.022323. Iter 17. Exp: 434.000000 / 22312 = 0.019451
Number of maxflows: 2. Wrat: 0.022323. Iter 18. Exp: 434.000000 / 22312 = 0.019451
Number of maxflows: 2. Wrat: 0.022323. Iter 19. Exp: 434.000000 / 22312 = 0.019451
Number of maxflows: 2. Wrat: 0.022323. Iter 20. Exp: 434.000000 / 22312 = 0.019451

Best cut found: 434.000000 / 22312. Expansion: 0.019451.
Algorithm has completed. Time required: 399.324015
Number of maxflows: 3. Wrat: 0.021975. Iter 21. Exp: 434.000000 / 22312 = 0.019451
Number of maxflows: 2. Wrat: 0.021975. Iter 22. Exp: 434.000000 / 22312 = 0.019451
Number of maxflows: 2. Wrat: 0.021975. Iter 23. Exp: 434.000000 / 22312 = 0.019451
Number of maxflows: 3. Wrat: 0.021738. Iter 24. Exp: 453.000000 / 24947 = 0.018158
Number of maxflows: 2. Wrat: 0.021738. Iter 25. Exp: 453.000000 / 24947 = 0.018158
Number of maxflows: 2. Wrat: 0.021738. Iter 26. Exp: 453.000000 / 24947 = 0.018158
Number of maxflows: 2. Wrat: 0.021738. Iter 27. Exp: 453.000000 / 24947 = 0.018158
Number of maxflows: 2. Wrat: 0.021738. Iter 28. Exp: 453.000000 / 24947 = 0.018158
Number of maxflows: 2. Wrat: 0.021738. Iter 29. Exp: 453.000000 / 24947 = 0.018158
Number of maxflows: 2. Wrat: 0.021738. Iter 30. Exp: 453.000000 / 24947 = 0.018158
Number of maxflows: 2. Wrat: 0.021738. Iter 31. Exp: 453.000000 / 24947 = 0.018158
Number of maxflows: 2. Wrat: 0.021738. Iter 32. Exp: 453.000000 / 24947 = 0.018158
Number of maxflows: 2. Wrat: 0.021738. Iter 33. Exp: 453.000000 / 24947 = 0.018158
Number of maxflows: 2. Wrat: 0.021738. Iter 34. Exp: 453.000000 / 24947 = 0.018158

Best cut found: 453.000000 / 24947. Expansion: 0.018158.
Algorithm has completed. Time required: 758.632595

                              < M A T L A B >
                  Copyright 1984-2006 The MathWorks, Inc.
                         Version 7.3.0.298 (R2006b)
                              August 03, 2006

 
  To get started, type one of these: helpwin, helpdesk, or demo.
  For product information, visit www.mathworks.com.
 
>> 
Initialization complete. Time required: 3.725892

Running on ...
Graph: /home/eecs/orecchia/yahoo/graphs/sea50k-dir/sea50k.a0.i0.eg2. Number of vertices: 50000. Number of edges: 316806.
Number of iterations: 100.
Stopping condition: 2 5 10
Learning rate: 1.000000.
Initialization: 0.000000.
Random generator seed: 7.000000.
Flow precision: 512.
Run rate: n.
Lower bound: n.
Warning: Divide by zero.
> In expv at 95
  In cutfind at 234
Warning: Divide by zero.
> In expv at 95
  In cutfind at 234
Number of maxflows: 12. Wrat: 1.000000. Iter 1. Exp: 785.000000 / 13662 = 0.057459
Number of maxflows: 2. Wrat: 1.000000. Iter 2. Exp: 785.000000 / 13662 = 0.057459
Number of maxflows: 5. Wrat: 0.833333. Iter 3. Exp: 785.000000 / 13662 = 0.057459
Number of maxflows: 5. Wrat: 0.362056. Iter 4. Exp: 500.000000 / 21225 = 0.023557
Number of maxflows: 4. Wrat: 0.246923. Iter 5. Exp: 500.000000 / 21225 = 0.023557
Number of maxflows: 5. Wrat: 0.153065. Iter 6. Exp: 452.000000 / 19335 = 0.023377
Number of maxflows: 5. Wrat: 0.092414. Iter 7. Exp: 480.000000 / 24068 = 0.019943
Number of maxflows: 4. Wrat: 0.054853. Iter 8. Exp: 480.000000 / 24068 = 0.019943
Number of maxflows: 3. Wrat: 0.049056. Iter 9. Exp: 480.000000 / 24068 = 0.019943
Number of maxflows: 2. Wrat: 0.049056. Iter 10. Exp: 480.000000 / 24068 = 0.019943
Number of maxflows: 3. Wrat: 0.029068. Iter 11. Exp: 480.000000 / 24068 = 0.019943
Number of maxflows: 4. Wrat: 0.025917. Iter 12. Exp: 480.000000 / 24068 = 0.019943
Number of maxflows: 2. Wrat: 0.025917. Iter 13. Exp: 480.000000 / 24068 = 0.019943
Number of maxflows: 3. Wrat: 0.023320. Iter 14. Exp: 480.000000 / 24068 = 0.019943
Number of maxflows: 2. Wrat: 0.023320. Iter 15. Exp: 480.000000 / 24068 = 0.019943
Number of maxflows: 2. Wrat: 0.023320. Iter 16. Exp: 480.000000 / 24068 = 0.019943

Best cut found: 480.000000 / 24068. Expansion: 0.019943.
Algorithm has completed. Time required: 283.582007
Number of maxflows: 2. Wrat: 0.023320. Iter 17. Exp: 480.000000 / 24068 = 0.019943
Number of maxflows: 2. Wrat: 0.023320. Iter 18. Exp: 480.000000 / 24068 = 0.019943
Number of maxflows: 2. Wrat: 0.023320. Iter 19. Exp: 480.000000 / 24068 = 0.019943

Best cut found: 480.000000 / 24068. Expansion: 0.019943.
Algorithm has completed. Time required: 357.218043
Number of maxflows: 2. Wrat: 0.023320. Iter 20. Exp: 480.000000 / 24068 = 0.019943
Number of maxflows: 2. Wrat: 0.023320. Iter 21. Exp: 480.000000 / 24068 = 0.019943
Number of maxflows: 2. Wrat: 0.023320. Iter 22. Exp: 480.000000 / 24068 = 0.019943
Number of maxflows: 2. Wrat: 0.023320. Iter 23. Exp: 480.000000 / 24068 = 0.019943
Number of maxflows: 3. Wrat: 0.022446. Iter 24. Exp: 480.000000 / 24068 = 0.019943
Number of maxflows: 2. Wrat: 0.022446. Iter 25. Exp: 480.000000 / 24068 = 0.019943
Number of maxflows: 2. Wrat: 0.022446. Iter 26. Exp: 480.000000 / 24068 = 0.019943
Number of maxflows: 2. Wrat: 0.022446. Iter 27. Exp: 480.000000 / 24068 = 0.019943
Number of maxflows: 2. Wrat: 0.022446. Iter 28. Exp: 480.000000 / 24068 = 0.019943
Number of maxflows: 2. Wrat: 0.022446. Iter 29. Exp: 480.000000 / 24068 = 0.019943
Number of maxflows: 2. Wrat: 0.022446. Iter 30. Exp: 480.000000 / 24068 = 0.019943
Number of maxflows: 2. Wrat: 0.022446. Iter 31. Exp: 480.000000 / 24068 = 0.019943
Number of maxflows: 2. Wrat: 0.022446. Iter 32. Exp: 480.000000 / 24068 = 0.019943
Number of maxflows: 2. Wrat: 0.022446. Iter 33. Exp: 480.000000 / 24068 = 0.019943
Number of maxflows: 3. Wrat: 0.020392. Iter 34. Exp: 453.000000 / 24937 = 0.018166
Number of maxflows: 2. Wrat: 0.020392. Iter 35. Exp: 453.000000 / 24937 = 0.018166
Number of maxflows: 2. Wrat: 0.020392. Iter 36. Exp: 453.000000 / 24937 = 0.018166
Number of maxflows: 2. Wrat: 0.020392. Iter 37. Exp: 453.000000 / 24937 = 0.018166
Number of maxflows: 2. Wrat: 0.020392. Iter 38. Exp: 453.000000 / 24937 = 0.018166
Number of maxflows: 2. Wrat: 0.020392. Iter 39. Exp: 453.000000 / 24937 = 0.018166
Number of maxflows: 2. Wrat: 0.020392. Iter 40. Exp: 453.000000 / 24937 = 0.018166
Number of maxflows: 2. Wrat: 0.020392. Iter 41. Exp: 453.000000 / 24937 = 0.018166
Number of maxflows: 2. Wrat: 0.020392. Iter 42. Exp: 453.000000 / 24937 = 0.018166
Number of maxflows: 2. Wrat: 0.020392. Iter 43. Exp: 453.000000 / 24937 = 0.018166
Number of maxflows: 2. Wrat: 0.020392. Iter 44. Exp: 453.000000 / 24937 = 0.018166

Best cut found: 453.000000 / 24937. Expansion: 0.018166.
Algorithm has completed. Time required: 880.889276

                              < M A T L A B >
                  Copyright 1984-2006 The MathWorks, Inc.
                         Version 7.3.0.298 (R2006b)
                              August 03, 2006

 
  To get started, type one of these: helpwin, helpdesk, or demo.
  For product information, visit www.mathworks.com.
 
>> 
Initialization complete. Time required: 3.621455

Running on ...
Graph: /home/eecs/orecchia/yahoo/graphs/sea50k-dir/sea50k.a0.i0.eg2. Number of vertices: 50000. Number of edges: 316806.
Number of iterations: 100.
Stopping condition: 2 5 10
Learning rate: 1.000000.
Initialization: 0.000000.
Random generator seed: 8.000000.
Flow precision: 512.
Run rate: n.
Lower bound: n.
Warning: Divide by zero.
> In expv at 95
  In cutfind at 234
Warning: Divide by zero.
> In expv at 95
  In cutfind at 234
Number of maxflows: 12. Wrat: 1.000000. Iter 1. Exp: 556.000000 / 19068 = 0.029159
Number of maxflows: 2. Wrat: 1.000000. Iter 2. Exp: 556.000000 / 19068 = 0.029159
Number of maxflows: 5. Wrat: 0.769231. Iter 3. Exp: 556.000000 / 19068 = 0.029159
Number of maxflows: 6. Wrat: 0.406475. Iter 4. Exp: 556.000000 / 19068 = 0.029159
Number of maxflows: 3. Wrat: 0.369056. Iter 5. Exp: 556.000000 / 19068 = 0.029159
Number of maxflows: 6. Wrat: 0.157414. Iter 6. Exp: 556.000000 / 19068 = 0.029159
Number of maxflows: 5. Wrat: 0.111523. Iter 7. Exp: 556.000000 / 19068 = 0.029159
Number of maxflows: 4. Wrat: 0.057213. Iter 8. Exp: 537.000000 / 23494 = 0.022857
Number of maxflows: 4. Wrat: 0.048829. Iter 9. Exp: 537.000000 / 23494 = 0.022857
Number of maxflows: 2. Wrat: 0.048829. Iter 10. Exp: 537.000000 / 23494 = 0.022857
Number of maxflows: 2. Wrat: 0.048829. Iter 11. Exp: 537.000000 / 23494 = 0.022857

Best cut found: 537.000000 / 23494. Expansion: 0.022857.
Algorithm has completed. Time required: 158.972087
Number of maxflows: 3. Wrat: 0.032247. Iter 12. Exp: 486.000000 / 22021 = 0.022070
Number of maxflows: 4. Wrat: 0.023605. Iter 13. Exp: 486.000000 / 22021 = 0.022070
Number of maxflows: 2. Wrat: 0.023605. Iter 14. Exp: 486.000000 / 22021 = 0.022070
Number of maxflows: 2. Wrat: 0.023605. Iter 15. Exp: 486.000000 / 22021 = 0.022070
Number of maxflows: 2. Wrat: 0.023605. Iter 16. Exp: 486.000000 / 22021 = 0.022070
Number of maxflows: 2. Wrat: 0.023605. Iter 17. Exp: 486.000000 / 22021 = 0.022070
Number of maxflows: 3. Wrat: 0.020728. Iter 18. Exp: 434.000000 / 22320 = 0.019444
Number of maxflows: 2. Wrat: 0.020728. Iter 19. Exp: 434.000000 / 22320 = 0.019444
Number of maxflows: 2. Wrat: 0.020728. Iter 20. Exp: 434.000000 / 22320 = 0.019444
Number of maxflows: 2. Wrat: 0.020728. Iter 21. Exp: 434.000000 / 22320 = 0.019444
Number of maxflows: 2. Wrat: 0.020728. Iter 22. Exp: 434.000000 / 22320 = 0.019444
Number of maxflows: 2. Wrat: 0.020728. Iter 23. Exp: 434.000000 / 22320 = 0.019444

Best cut found: 434.000000 / 22320. Expansion: 0.019444.
Algorithm has completed. Time required: 450.275678
Number of maxflows: 2. Wrat: 0.020728. Iter 24. Exp: 434.000000 / 22320 = 0.019444
Number of maxflows: 2. Wrat: 0.020728. Iter 25. Exp: 434.000000 / 22320 = 0.019444
Number of maxflows: 2. Wrat: 0.020728. Iter 26. Exp: 434.000000 / 22320 = 0.019444
Number of maxflows: 2. Wrat: 0.020728. Iter 27. Exp: 434.000000 / 22320 = 0.019444
Number of maxflows: 2. Wrat: 0.020728. Iter 28. Exp: 434.000000 / 22320 = 0.019444

Best cut found: 434.000000 / 22320. Expansion: 0.019444.
Algorithm has completed. Time required: 557.281988

                              < M A T L A B >
                  Copyright 1984-2006 The MathWorks, Inc.
                         Version 7.3.0.298 (R2006b)
                              August 03, 2006

 
  To get started, type one of these: helpwin, helpdesk, or demo.
  For product information, visit www.mathworks.com.
 
>> 
Initialization complete. Time required: 4.002276

Running on ...
Graph: /home/eecs/orecchia/yahoo/graphs/sea50k-dir/sea50k.a0.i0.eg2. Number of vertices: 50000. Number of edges: 316806.
Number of iterations: 100.
Stopping condition: 2 5 10
Learning rate: 1.000000.
Initialization: 0.000000.
Random generator seed: 9.000000.
Flow precision: 512.
Run rate: n.
Lower bound: n.
Warning: Divide by zero.
> In expv at 95
  In cutfind at 234
Warning: Divide by zero.
> In expv at 95
  In cutfind at 234
Number of maxflows: 12. Wrat: 0.975806. Iter 1. Exp: 829.000000 / 22686 = 0.036542
Number of maxflows: 2. Wrat: 0.975806. Iter 2. Exp: 829.000000 / 22686 = 0.036542
Number of maxflows: 5. Wrat: 0.564885. Iter 3. Exp: 518.000000 / 18921 = 0.027377
Number of maxflows: 5. Wrat: 0.375000. Iter 4. Exp: 518.000000 / 18921 = 0.027377
Number of maxflows: 5. Wrat: 0.159159. Iter 5. Exp: 609.000000 / 23115 = 0.026347
Number of maxflows: 4. Wrat: 0.129648. Iter 6. Exp: 516.000000 / 20806 = 0.024801
Number of maxflows: 4. Wrat: 0.076525. Iter 7. Exp: 473.000000 / 24065 = 0.019655
Number of maxflows: 3. Wrat: 0.076402. Iter 8. Exp: 473.000000 / 24065 = 0.019655
Number of maxflows: 5. Wrat: 0.039279. Iter 9. Exp: 473.000000 / 24065 = 0.019655
Number of maxflows: 4. Wrat: 0.032487. Iter 10. Exp: 473.000000 / 24065 = 0.019655
Number of maxflows: 2. Wrat: 0.032487. Iter 11. Exp: 473.000000 / 24065 = 0.019655
Number of maxflows: 4. Wrat: 0.022853. Iter 12. Exp: 473.000000 / 24065 = 0.019655
Number of maxflows: 2. Wrat: 0.022853. Iter 13. Exp: 473.000000 / 24065 = 0.019655
Number of maxflows: 2. Wrat: 0.022853. Iter 14. Exp: 473.000000 / 24065 = 0.019655

Best cut found: 473.000000 / 24065. Expansion: 0.019655.
Algorithm has completed. Time required: 258.236364
Number of maxflows: 2. Wrat: 0.022853. Iter 15. Exp: 473.000000 / 24065 = 0.019655
Number of maxflows: 2. Wrat: 0.022853. Iter 16. Exp: 473.000000 / 24065 = 0.019655
Number of maxflows: 2. Wrat: 0.022853. Iter 17. Exp: 473.000000 / 24065 = 0.019655

Best cut found: 473.000000 / 24065. Expansion: 0.019655.
Algorithm has completed. Time required: 313.902595
Number of maxflows: 2. Wrat: 0.022853. Iter 18. Exp: 473.000000 / 24065 = 0.019655
Number of maxflows: 2. Wrat: 0.022853. Iter 19. Exp: 473.000000 / 24065 = 0.019655
Number of maxflows: 2. Wrat: 0.022853. Iter 20. Exp: 473.000000 / 24065 = 0.019655
Number of maxflows: 3. Wrat: 0.022612. Iter 21. Exp: 477.000000 / 24863 = 0.019185
Number of maxflows: 2. Wrat: 0.022612. Iter 22. Exp: 477.000000 / 24863 = 0.019185
Number of maxflows: 2. Wrat: 0.022612. Iter 23. Exp: 477.000000 / 24863 = 0.019185
Number of maxflows: 2. Wrat: 0.022612. Iter 24. Exp: 477.000000 / 24863 = 0.019185
Number of maxflows: 2. Wrat: 0.022612. Iter 25. Exp: 477.000000 / 24863 = 0.019185
Number of maxflows: 2. Wrat: 0.022612. Iter 26. Exp: 477.000000 / 24863 = 0.019185
Number of maxflows: 2. Wrat: 0.022612. Iter 27. Exp: 477.000000 / 24863 = 0.019185
Number of maxflows: 2. Wrat: 0.022612. Iter 28. Exp: 477.000000 / 24863 = 0.019185
Number of maxflows: 3. Wrat: 0.021912. Iter 29. Exp: 477.000000 / 24863 = 0.019185
Number of maxflows: 2. Wrat: 0.021912. Iter 30. Exp: 477.000000 / 24863 = 0.019185
Number of maxflows: 2. Wrat: 0.021912. Iter 31. Exp: 477.000000 / 24863 = 0.019185
Number of maxflows: 3. Wrat: 0.020535. Iter 32. Exp: 470.000000 / 24966 = 0.018826
Number of maxflows: 2. Wrat: 0.020535. Iter 33. Exp: 470.000000 / 24966 = 0.018826
Number of maxflows: 2. Wrat: 0.020535. Iter 34. Exp: 470.000000 / 24966 = 0.018826
Number of maxflows: 2. Wrat: 0.020535. Iter 35. Exp: 470.000000 / 24966 = 0.018826
Number of maxflows: 2. Wrat: 0.020535. Iter 36. Exp: 470.000000 / 24966 = 0.018826
Number of maxflows: 2. Wrat: 0.020535. Iter 37. Exp: 470.000000 / 24966 = 0.018826
Number of maxflows: 2. Wrat: 0.020535. Iter 38. Exp: 470.000000 / 24966 = 0.018826
Number of maxflows: 2. Wrat: 0.020535. Iter 39. Exp: 470.000000 / 24966 = 0.018826
Number of maxflows: 2. Wrat: 0.020535. Iter 40. Exp: 470.000000 / 24966 = 0.018826
Number of maxflows: 2. Wrat: 0.020535. Iter 41. Exp: 470.000000 / 24966 = 0.018826
Number of maxflows: 2. Wrat: 0.020535. Iter 42. Exp: 470.000000 / 24966 = 0.018826

Best cut found: 470.000000 / 24966. Expansion: 0.018826.
Algorithm has completed. Time required: 943.874915
