Max degree is higher than precision. Search will start at weirdrat = p.

Initialization complete. Time required: 270.551644

Running on ...
Graph: ../../graphs/social/orkut.eg2. Number of vertices: 3072441. Number of edges: 117185083.
Number of iterations: 1000.
Stopping condition: 4
Learning rate: 1000.000000.
Initialization: 1.000000.
Random generator seed: 42.000000.
Flow precision: 1000.
Run rate: infty.
Lower bound: y.
Pairing.c size_bisec = 1536220
Pairing.c alpha = 1000 / 1 = 1000.000000
Node with excess before = 1536221, node with excess after = 0
-------------------------------
S2 Selfloop Removal: 2.021179
S2 Init: 0.056213
S2 Toposort and Cycle Removal: 5.294617
S2 Remove Excess: 3.422302
-------------------------------


Pairing.c size_cut = 1536220
Pairing.c size_bisec = 1536220
Pairing.c alpha = 57019200 / 1536220 = 37.116559
Node with excess before = 873787, node with excess after = 0
-------------------------------
S2 Selfloop Removal: 2.312866
S2 Init: 0.046509
S2 Toposort and Cycle Removal: 177.612549
S2 Remove Excess: 1.270752
-------------------------------


Pairing.c size_cut = 1705424
Pairing.c size_bisec = 1536220
Pairing.c alpha = 19153148 / 941510 = 20.343011
Node with excess before = 442242, node with excess after = 0
-------------------------------
S2 Selfloop Removal: 2.177612
S2 Init: 0.047729
S2 Toposort and Cycle Removal: 0.404053
S2 Remove Excess: 0.221313
-------------------------------


Pairing.c size_cut = 448368
Pairing.c size_bisec = 1536220
Pairing.c alpha = 4737390 / 448190 = 10.570048
Node with excess before = 215861, node with excess after = 0
-------------------------------
S2 Selfloop Removal: 1.954590
S2 Init: 0.049805
S2 Toposort and Cycle Removal: 0.144775
S2 Remove Excess: 0.090576
-------------------------------


Pairing.c size_cut = 217725
Pairing.c size_bisec = 1536220
Pairing.c alpha = 1140843 / 217687 = 5.240749
Node with excess before = 113922, node with excess after = 0
-------------------------------
S2 Selfloop Removal: 1.846924
S2 Init: 0.042480
S2 Toposort and Cycle Removal: 320.528809
S2 Remove Excess: 0.349365
-------------------------------


Pairing.c size_cut = 2957831
Pairing.c size_bisec = 1536220
Pairing.c alpha = 310447 / 114589 = 2.709222
Node with excess before = 56178, node with excess after = 0
-------------------------------
S2 Selfloop Removal: 2.021729
S2 Init: 0.053467
S2 Toposort and Cycle Removal: 0.045166
S2 Remove Excess: 0.029541
-------------------------------


Pairing.c size_cut = 56642
Pairing.c size_bisec = 1536220
Pairing.c alpha = 79077 / 56584 = 1.397515
Node with excess before = 33974, node with excess after = 0
-------------------------------
S2 Selfloop Removal: 1.805664
S2 Init: 0.031982
S2 Toposort and Cycle Removal: 167.237549
S2 Remove Excess: 0.304932
-------------------------------


Pairing.c size_cut = 3038289
Pairing.c size_bisec = 1536220
Pairing.c alpha = 34141 / 34149 = 0.999766
Node with excess before = 21, node with excess after = 0
-------------------------------
S2 Selfloop Removal: 2.106934
S2 Init: 0.035156
S2 Toposort and Cycle Removal: 112.915039
S2 Remove Excess: 0.267090
-------------------------------


Pairing.c size_cut = 3072406
Pairing.c size_bisec = 1536220
Pairing.c alpha = 19 / 32 = 0.593750
Node with excess before = 9, node with excess after = 0
-------------------------------
S2 Selfloop Removal: 2.297852
S2 Init: 0.041504
S2 Toposort and Cycle Removal: 25.228516
S2 Remove Excess: 0.260742
-------------------------------


Pairing.c size_cut = 3072424
Pairing.c size_bisec = 1536220
Pairing.c alpha = 8 / 16 = 0.500000
Node with excess before = 1, node with excess after = 0
-------------------------------
S2 Selfloop Removal: 2.223633
S2 Init: 0.040527
S2 Toposort and Cycle Removal: 0.013184
S2 Remove Excess: 0.013672
-------------------------------


Pairing.c size_cut = 3072438
Number of maxflows: 11. Pairing.c size_bisec = 1536220
Pairing.c alpha = 1 / 2 = 0.500000
Node with excess before = 1, node with excess after = 0
-------------------------------
S2 Selfloop Removal: 1.620605
S2 Init: 0.038574
S2 Toposort and Cycle Removal: 0.016113
S2 Remove Excess: 0.012695
-------------------------------


Pairing.c size_cut = 3072438
Wrat: 0.500000. Iter 1. Exp: 8.000000 / 3072424 = 0.470588
Pairing.c size_bisec = 1536220
Pairing.c alpha = 8 / 16 = 0.500000
Node with excess before = 2, node with excess after = 0
-------------------------------
S2 Selfloop Removal: 1.825195
S2 Init: 0.043457
S2 Toposort and Cycle Removal: 0.022949
S2 Remove Excess: 0.014160
-------------------------------


Pairing.c size_cut = 3072435
Pairing.c size_bisec = 1536220
Pairing.c alpha = 2 / 5 = 0.400000
Node with excess before = 2, node with excess after = 0
-------------------------------
S2 Selfloop Removal: 2.221680
S2 Init: 0.025879
S2 Toposort and Cycle Removal: 0.022949
S2 Remove Excess: 0.013672
-------------------------------


Pairing.c size_cut = 3
Pairing.c size_bisec = 1536220
Pairing.c alpha = 1 / 3 = 0.333333
Node with excess before = 1, node with excess after = 0
-------------------------------
S2 Selfloop Removal: 2.281250
S2 Init: 0.036621
S2 Toposort and Cycle Removal: 0.013672
S2 Remove Excess: 0.013184
-------------------------------


Pairing.c size_cut = 3
Number of maxflows: 4. Pairing.c size_bisec = 1536220
Pairing.c alpha = 1 / 3 = 0.333333
Node with excess before = 1, node with excess after = 0
-------------------------------
S2 Selfloop Removal: 1.713867
S2 Init: 0.044922
S2 Toposort and Cycle Removal: 0.013672
S2 Remove Excess: 0.013672
-------------------------------


Pairing.c size_cut = 3
Wrat: 0.333333. Iter 2. Exp: 2.000000 / 3072435 = 0.333333
Pairing.c size_bisec = 1536220
Pairing.c alpha = 1 / 3 = 0.333333
Node with excess before = 1, node with excess after = 0
-------------------------------
S2 Selfloop Removal: 1.977539
S2 Init: 0.030273
S2 Toposort and Cycle Removal: 0.013672
S2 Remove Excess: 0.014160
-------------------------------


Pairing.c size_cut = 6
Number of maxflows: 2. Pairing.c size_bisec = 1536220
Pairing.c alpha = 1 / 3 = 0.333333
Node with excess before = 1, node with excess after = 0
-------------------------------
S2 Selfloop Removal: 1.725586
S2 Init: 0.038086
S2 Toposort and Cycle Removal: 0.013672
S2 Remove Excess: 0.013672
-------------------------------


Pairing.c size_cut = 6
Wrat: 0.333333. Iter 3. Exp: 2.000000 / 3072435 = 0.333333
Pairing.c size_bisec = 1536220
Pairing.c alpha = 1 / 3 = 0.333333
Node with excess before = 1, node with excess after = 0
-------------------------------
S2 Selfloop Removal: 2.313477
S2 Init: 0.040039
S2 Toposort and Cycle Removal: 0.013672
S2 Remove Excess: 0.014648
-------------------------------


Pairing.c size_cut = 0
Number of maxflows: 2. Pairing.c size_bisec = 1536220
Pairing.c alpha = 1 / 3 = 0.333333
Node with excess before = 1, node with excess after = 0
-------------------------------
S2 Selfloop Removal: 2.389648
S2 Init: 0.045898
S2 Toposort and Cycle Removal: 0.014648
S2 Remove Excess: 0.015625
-------------------------------


Pairing.c size_cut = 0
Wrat: 0.333333. Iter 4. Exp: 2.000000 / 3072435 = 0.333333
Pairing.c size_bisec = 1536220
Pairing.c alpha = 1 / 3 = 0.333333
Node with excess before = 1, node with excess after = 0
-------------------------------
S2 Selfloop Removal: 2.105469
S2 Init: 0.054688
S2 Toposort and Cycle Removal: 0.019531
S2 Remove Excess: 0.022461
-------------------------------


Pairing.c size_cut = 0
Number of maxflows: 2. Pairing.c size_bisec = 1536220
Pairing.c alpha = 1 / 3 = 0.333333
Node with excess before = 1, node with excess after = 0
-------------------------------
S2 Selfloop Removal: 2.514648
S2 Init: 0.051758
S2 Toposort and Cycle Removal: 0.018555
S2 Remove Excess: 0.021484
-------------------------------


Pairing.c size_cut = 0
Wrat: 0.333333. Iter 5. Exp: 2.000000 / 3072435 = 0.333333
Pairing.c size_bisec = 1536220
Pairing.c alpha = 1 / 3 = 0.333333
Node with excess before = 1, node with excess after = 0
-------------------------------
S2 Selfloop Removal: 2.656250
S2 Init: 0.049805
S2 Toposort and Cycle Removal: 0.019531
S2 Remove Excess: 0.022461
-------------------------------


Pairing.c size_cut = 6
Number of maxflows: 2. Pairing.c size_bisec = 1536220
Pairing.c alpha = 1 / 3 = 0.333333
Node with excess before = 1, node with excess after = 0
-------------------------------
S2 Selfloop Removal: 2.375000
S2 Init: 0.044922
S2 Toposort and Cycle Removal: 0.018555
S2 Remove Excess: 0.022461
-------------------------------


Pairing.c size_cut = 6
Wrat: 0.333333. Iter 6. Exp: 2.000000 / 3072435 = 0.333333

Best cut found: 2.000000 / 3072435. Expansion: 0.333333.
Lower bound: 0.656739.
Algorithm has completed. Time required: 12580.345487
